#
# A fatal error has been detected by the Java Runtime Environment:
#
#  EXCEPTION_ACCESS_VIOLATION (0xc0000005) at pc=0x00007ffc66035bb6, pid=11384, tid=17220
#
# JRE version: Java(TM) SE Runtime Environment (24.0+36) (build 24+36-3646)
# Java VM: Java HotSpot(TM) 64-Bit Server VM (24+36-3646, mixed mode, sharing, tiered, compressed oops, compressed class ptrs, g1 gc, windows-amd64)
# Problematic frame:
# C  [ntdll.dll+0x25bb6]
#
# No core dump will be written. Minidumps are not enabled by default on client versions of Windows
#
# If you would like to submit a bug report, please visit:
#   https://bugreport.java.com/bugreport/crash.jsp
# The crash happened outside the Java Virtual Machine in native code.
# See problematic frame for where to report the bug.
#

---------------  S U M M A R Y ------------

Command Line: --enable-preview -XX:+ShowCodeDetailsInExceptionMessages dqnMazeGame

Host: Intel(R) Core(TM) i5-10310U CPU @ 1.70GHz, 8 cores, 15G,  Windows 10 , 64 bit Build 19041 (10.0.19041.5438)
Time: Tue Apr  1 19:47:46 2025 Central Daylight Time elapsed time: 705.196617 seconds (0d 0h 11m 45s)

---------------  T H R E A D  ---------------

Current thread (0x0000022276ce0cb0):  JavaThread "main"             [_thread_in_native, id=17220, stack(0x00000057be000000,0x00000057be100000) (1024K)]

Stack: [0x00000057be000000,0x00000057be100000],  sp=0x00000057be0ff280,  free space=1020k
Native frames: (J=compiled Java code, j=interpreted, Vv=VM code, C=native code)
C  [ntdll.dll+0x25bb6]  (no source info available)
C  [ntdll.dll+0x247b1]  (no source info available)
C  [ucrtbase.dll+0xf05b]  (no source info available)
C  [NeuralNetworkLib.dll+0x1069c]  (no source info available)
C  [NeuralNetworkLib.dll+0xfd9a]  (no source info available)
C  [NeuralNetworkLib.dll+0xff3e]  (no source info available)
C  [NeuralNetworkLib.dll+0x14080]  (no source info available)
C  [NeuralNetworkLib.dll+0xba0c]  (no source info available)
C  [NeuralNetworkLib.dll+0x2aae]  (no source info available)
C  [NeuralNetworkLib.dll+0x2ffe]  (no source info available)
C  0x000002220fd1ce20  (no source info available)

The last pc belongs to native method entry point (kind = native) (printed below).
Java frames: (J=compiled Java code, j=interpreted, Vv=VM code)
j  neuralNetwork.NeuralNetworkWrapper.destroyNeuralNetwork(J)V+0
j  neuralNetwork.NeuralNetwork.close()V+8
j  dqnMazeGame.dqn()V+72
j  dqnMazeGame.setup()V+24
j  dqnMazeGame.main()V+1
v  ~StubRoutines::call_stub 0x000002220fd10fcd

siginfo: EXCEPTION_ACCESS_VIOLATION (0xc0000005), reading address 0x00000040ffffffff


Registers:
RAX=0x0000000000000000, RBX=0x0000022276cb0000, RCX=0x0000022276cb0000, RDX=0x0000004100000000
RSP=0x00000057be0ff280, RBP=0x0000000000000000, RSI=0x0000022276cb0000, RDI=0x0000000000000000
R8 =0x0000000000000000, R9 =0x0000000000000000, R10=0x000002220fd1cec0, R11=0x0000000000000101
R12=0x0000000000000000, R13=0x0000004100000000, R14=0x00000040fffffff0, R15=0x0000022276ce0cb0
RIP=0x00007ffc66035bb6, EFLAGS=0x0000000000010246

XMM[0]=0x0000000000000000 0x0000000000000000
XMM[1]=0x0000000000000000 0x0000000000000000
XMM[2]=0x0000000000000000 0x0000000000000000
XMM[3]=0x0000000000000000 0x0000000000000000
XMM[4]=0x0000000000000000 0x0000000000000000
XMM[5]=0x0000000000000000 0x0000000000000000
XMM[6]=0x0000000000000000 0x0000000000000000
XMM[7]=0x4018000000000000 0x4018000000000000
XMM[8]=0x3fc5555555555555 0x0000000000000000
XMM[9]=0x3fc5555555555555 0x0000000000000000
XMM[10]=0x0000000000000000 0x3fc5555555555555
XMM[11]=0x0000000100000000 0x0000000000000001
XMM[12]=0x0000000000000000 0x0000000100000000
XMM[13]=0x0000000100000000 0x0000000000000000
XMM[14]=0x0000000000000000 0x0000000000000000
XMM[15]=0x0000000000000000 0x0000000000000000
  MXCSR=0x00001fa0


Register to memory mapping:

RAX=0x0 is null
RBX=0x0000022276cb0000 points into unknown readable memory: 0x0000000000000000 | 00 00 00 00 00 00 00 00
RCX=0x0000022276cb0000 points into unknown readable memory: 0x0000000000000000 | 00 00 00 00 00 00 00 00
RDX=0x0000004100000000 is an unknown value
RSP=0x00000057be0ff280 is pointing into the stack for thread: 0x0000022276ce0cb0
RBP=0x0 is null
RSI=0x0000022276cb0000 points into unknown readable memory: 0x0000000000000000 | 00 00 00 00 00 00 00 00
RDI=0x0 is null
R8 =0x0 is null
R9 =0x0 is null
R10=0x000002220fd1cec0 is at code_begin+1152 in an Interpreter codelet
native method entry point (kind = native)  [0x000002220fd1ca40, 0x000002220fd1d478]  2616 bytes
R11=0x0000000000000101 is an unknown value
R12=0x0 is null
R13=0x0000004100000000 is an unknown value
R14=0x00000040fffffff0 is an unknown value
R15=0x0000022276ce0cb0 is a thread

Top of Stack: (sp=0x00000057be0ff280)
0x00000057be0ff280:   0000022276cb0000 0000022276cb0000   ...v"......v"...
0x00000057be0ff290:   0000000000000000 0000022276cb0000   ...........v"...
0x00000057be0ff2a0:   00000057be0ff2f0 00007ffc00000000   ....W...........
0x00000057be0ff2b0:   00000057be0ff2e0 00007ffc3ece76a8   ....W....v.>....
0x00000057be0ff2c0:   00000057be0ff310 00007ffc3ecdf1ea   ....W......>....
0x00000057be0ff2d0:   00000057be0ff310 00007ffc3ecdf190   ....W......>....
0x00000057be0ff2e0:   00000222199799e8 00007ffc3ecdecb6   ...."......>....
0x00000057be0ff2f0:   00000222198ba1b8 0000000000000004   ...."...........
0x00000057be0ff300:   00000222198b9ff0 00000222199799e8   ...."......."...
0x00000057be0ff310:   0000022276ce0cb0 00000057be0ff600   ...v".......W...
0x00000057be0ff320:   000002225b40d0c0 0000000000000000   ..@["...........
0x00000057be0ff330:   0000004100000000 00007ffc660347b1   ....A....G.f....
0x00000057be0ff340:   00000057be0ff390 0000022276cb0000   ....W......v"...
0x00000057be0ff350:   00000057be0ff3d0 0000000000000000   ....W...........
0x00000057be0ff360:   0000000000000000 00007ffc3ece4fb8   .........O.>....
0x00000057be0ff370:   000002220fd18800 00007ffc63caf05b   ...."...[..c....
0x00000057be0ff380:   000002221987b0d0 0000000000000004   ...."...........
0x00000057be0ff390:   00000057be0ff3c0 00007ffc3ecdc268   ....W...h..>....
0x00000057be0ff3a0:   000002227ecd9e40 00007ffc3ece069c   @..~"......>....
0x00000057be0ff3b0:   0000000712a1d800 0000005700000000   ............W...
0x00000057be0ff3c0:   00000057be0ff3f0 00007ffc3ece7688   ....W....v.>....
0x00000057be0ff3d0:   00000057be0ff420 00007ffc3ecdfd9a    ...W......>....
0x00000057be0ff3e0:   000002221987b110 0000004100000000   ....".......A...
0x00000057be0ff3f0:   fffffffc00000000 000002221987a2a0   ............"...
0x00000057be0ff400:   00000222199799e8 fffffffc00000000   ...."...........
0x00000057be0ff410:   0000004100000000 000002221987b110   ....A......."...
0x00000057be0ff420:   00000057be0ff450 00007ffc3ecdff3e   P...W...>..>....
0x00000057be0ff430:   000002221987b110 0000004100000000   ....".......A...
0x00000057be0ff440:   fffffffc00000000 00000057be0ff600   ............W...
0x00000057be0ff450:   00000057be0ff4a0 00007ffc3ece4080   ....W....@.>....
0x00000057be0ff460:   000002221987b110 0000000100000001   ...."...........
0x00000057be0ff470:   000000070e774d88 0000022276cb0000   .Mw........v"...

Instructions: (pc=0x00007ffc66035bb6)
  0x00007ffc66035ab6:   85 c0 0f 85 13 16 08 00 b9 80 03 fe 7f 40 38 39
  0x00007ffc66035ac6:   0f 84 2f fe ff ff e9 1c 16 08 00 45 33 c0 48 8b
  0x00007ffc66035ad6:   d3 49 8b ce e8 c1 0e fe ff e8 6c ed ff ff 85 c0
  0x00007ffc66035ae6:   0f 85 ab 16 08 00 b9 80 03 fe 7f 40 38 39 0f 84
  0x00007ffc66035af6:   01 fe ff ff e9 b4 16 08 00 41 b8 02 00 00 00 e9
  0x00007ffc66035b06:   60 fc ff ff f7 41 74 00 00 00 01 75 4e f6 41 78
  0x00007ffc66035b16:   01 0f 85 3d 17 08 00 41 f6 c5 0f 0f 84 87 00 00
  0x00007ffc66035b26:   00 45 33 c9 48 89 7c 24 28 4d 8b c5 48 89 7c 24
  0x00007ffc66035b36:   20 48 8b d6 41 8d 49 09 e8 f9 84 0e 00 4d 85 f6
  0x00007ffc66035b46:   0f 84 1b 17 08 00 41 80 7d ff 05 0f 84 41 17 08
  0x00007ffc66035b56:   00 41 38 7e 0f 0f 8c a6 18 08 00 8b d5 4d 8b cd
  0x00007ffc66035b66:   83 ca 02 4d 8b c6 48 8b ce e8 8c 00 00 00 44 0f
  0x00007ffc66035b76:   b6 f8 84 c0 0f 84 9b fd ff ff 48 8b 84 24 e0 00
  0x00007ffc66035b86:   00 00 48 85 c0 74 03 66 89 38 4d 85 e4 74 04 49
  0x00007ffc66035b96:   89 3c 24 48 8b ce e8 7f ec ff ff 85 c0 0f 84 72
  0x00007ffc66035ba6:   fd ff ff e9 aa 1d 08 00 4c 8d 72 f0 41 0f 0d 0e
=>0x00007ffc66035bb6:   41 80 7e 0f 05 75 0c 41 0f b6 46 0e 48 c1 e0 04
  0x00007ffc66035bc6:   4c 2b f0 41 f6 46 0f 3f 0f 85 6f ff ff ff 45 33
  0x00007ffc66035bd6:   c9 48 89 7c 24 28 4d 8b c6 48 89 7c 24 20 48 8b
  0x00007ffc66035be6:   d6 41 8d 49 08 e8 4c 84 0e 00 4c 8b f7 e9 4b ff
  0x00007ffc66035bf6:   ff ff cc cc cc cc cc cc cc cc 48 89 5c 24 10 48
  0x00007ffc66035c06:   89 74 24 20 4c 89 44 24 18 48 89 4c 24 08 57 41
  0x00007ffc66035c16:   54 41 55 41 56 41 57 48 81 ec 80 01 00 00 4d 8b
  0x00007ffc66035c26:   f8 8b fa 48 8b d9 41 b4 01 44 88 64 24 41 c6 44
  0x00007ffc66035c36:   24 40 00 c7 44 24 74 01 00 00 00 45 33 ed 4c 89
  0x00007ffc66035c46:   ac 24 88 00 00 00 66 44 89 6c 24 44 49 3b c8 75
  0x00007ffc66035c56:   39 4c 89 6c 24 28 4c 89 6c 24 20 45 33 c9 48 8b
  0x00007ffc66035c66:   d1 41 8d 4d 09 e8 cc 83 0e 00 33 c0 4c 8d 9c 24
  0x00007ffc66035c76:   80 01 00 00 49 8b 5b 38 49 8b 73 48 49 8b e3 41
  0x00007ffc66035c86:   5f 41 5e 41 5d 41 5c 5f c3 cc 0b 79 74 f7 c7 60
  0x00007ffc66035c96:   0f 01 7d 74 28 45 32 e4 44 88 64 24 41 41 b8 04
  0x00007ffc66035ca6:   00 00 00 f7 c7 00 00 00 61 74 18 0f ba e7 1c 72


Stack slot to memory mapping:

stack at sp + 0 slots: 0x0000022276cb0000 points into unknown readable memory: 0x0000000000000000 | 00 00 00 00 00 00 00 00
stack at sp + 1 slots: 0x0000022276cb0000 points into unknown readable memory: 0x0000000000000000 | 00 00 00 00 00 00 00 00
stack at sp + 2 slots: 0x0 is null
stack at sp + 3 slots: 0x0000022276cb0000 points into unknown readable memory: 0x0000000000000000 | 00 00 00 00 00 00 00 00
stack at sp + 4 slots: 0x00000057be0ff2f0 is pointing into the stack for thread: 0x0000022276ce0cb0
stack at sp + 5 slots: 0x00007ffc00000000 is an unknown value
stack at sp + 6 slots: 0x00000057be0ff2e0 is pointing into the stack for thread: 0x0000022276ce0cb0
stack at sp + 7 slots: 0x00007ffc3ece76a8 NeuralNetworkLib.dll

Lock stack of current Java thread (top to bottom):

native method entry point (kind = native)  [0x000002220fd1ca40, 0x000002220fd1d478]  2616 bytes
[MachCode]
  0x000002220fd1ca40: 488b 4b08 | 0fb7 492e | 584c 8d74 | ccf8 6800 | 0000 0068 | 0000 0000 | 5055 488b | ec41 5568 
  0x000002220fd1ca60: 0000 0000 | 4c8b 6b08 | 4d8d 6d38 | 5348 8b53 | 0848 8b52 | 0848 8b52 | 1848 8b52 | 7048 8b12 
  0x000002220fd1ca80: 5248 8b53 | 1048 85d2 | 0f84 0700 | 0000 4881 | c208 0100 | 0052 488b | 5308 488b | 5208 488b 
  0x000002220fd1caa0: 5210 5249 | 8bc6 482b | c548 c1e8 | 0350 6800 | 0000 0068 | f7ff ffff | 41c6 8771 | 0400 0001 
  0x000002220fd1cac0: 488b 4310 | 4885 c074 | 208b 88cc | 0000 0083 | c102 8988 | cc00 0000 | 2388 e000 | 0000 0f84 
  0x000002220fd1cae0: e408 0000 | e9cd 0000 | 0048 8b43 | 1848 85c0 | 0f85 b000 | 0000 e805 | 0000 00e9 | 9900 0000 
  0x000002220fd1cb00: 488b d348 | 8d44 2408 | 4c89 6dc0 | 498b cfc5 | f877 4989 | afb8 0300 | 0049 8987 | a803 0000 
  0x000002220fd1cb20: 4883 ec20 | 40f6 c40f | 0f84 1900 | 0000 4883 | ec08 48b8 | 0031 1ddb | fb7f 0000 | ffd0 4883 
  0x000002220fd1cb40: c408 e90c | 0000 0048 | b800 311d | dbfb 7f00 | 00ff d048 | 83c4 2049 | c787 a803 | 0000 0000 
  0x000002220fd1cb60: 0000 49c7 | 87b8 0300 | 0000 0000 | 0049 c787 | b003 0000 | 0000 0000 | c5f8 7749 | 837f 0800 
  0x000002220fd1cb80: 0f84 0500 | 0000 e935 | 43ff ff4c | 8b6d c04c | 8b75 c84e | 8d74 f500 | c348 8b43 | 1848 85c0 
  0x000002220fd1cba0: 0f84 1000 | 0000 8b08 | 83c1 0289 | 0823 4814 | 0f84 1208 | 0000 493b | a7f0 0400 | 000f 8748 
  0x000002220fd1cbc0: 0000 0089 | 8424 00f0 | ffff 8984 | 2400 e0ff | ff89 8424 | 00d0 ffff | 8984 2400 | c0ff ff89 
  0x000002220fd1cbe0: 8424 00b0 | ffff 8984 | 2400 a0ff | ff89 8424 | 0090 ffff | 8984 2400 | 80ff ff49 | 3ba7 e804 
  0x000002220fd1cc00: 0000 7607 | 4989 a7f0 | 0400 0041 | c687 7104 | 0000 0048 | 8b5d e84c | 8b5b 0845 | 0fb7 5b2e 
  0x000002220fd1cc20: 41c1 e303 | 492b e348 | 83ec 2048 | 83e4 f04c | 8b5b 604d | 85db 0f85 | ab00 0000 | e805 0000 
  0x000002220fd1cc40: 00e9 9900 | 0000 488b | d348 8d44 | 2408 4c89 | 6dc0 498b | cfc5 f877 | 4989 afb8 | 0300 0049 
  0x000002220fd1cc60: 8987 a803 | 0000 4883 | ec20 40f6 | c40f 0f84 | 1900 0000 | 4883 ec08 | 48b8 405b | 1ddb fb7f 
  0x000002220fd1cc80: 0000 ffd0 | 4883 c408 | e90c 0000 | 0048 b840 | 5b1d dbfb | 7f00 00ff | d048 83c4 | 2049 c787 
  0x000002220fd1cca0: a803 0000 | 0000 0000 | 49c7 87b8 | 0300 0000 | 0000 0049 | c787 b003 | 0000 0000 | 0000 c5f8 
  0x000002220fd1ccc0: 7749 837f | 0800 0f84 | 0500 0000 | e9ef 41ff | ff4c 8b6d | c04c 8b75 | c84e 8d74 | f500 c348 
  0x000002220fd1cce0: 8b5d e84c | 8b5b 6041 | ffd3 488b | 5de8 4889 | 4518 448b | 5b28 41f6 | c308 0f84 | 1b00 0000 
  0x000002220fd1cd00: 4c8b 5b08 | 4d8b 5b08 | 4d8b 5b18 | 4d8b 5b70 | 4d8b 1b4c | 895d 1048 | 8d55 1048 | 8b43 5849 
  0x000002220fd1cd20: bad0 7156 | dbfb 7f00 | 0049 3bc2 | 0f85 ab00 | 0000 e805 | 0000 00e9 | 9900 0000 | 488b d348 
  0x000002220fd1cd40: 8d44 2408 | 4c89 6dc0 | 498b cfc5 | f877 4989 | afb8 0300 | 0049 8987 | a803 0000 | 4883 ec20 
  0x000002220fd1cd60: 40f6 c40f | 0f84 1900 | 0000 4883 | ec08 48b8 | 405b 1ddb | fb7f 0000 | ffd0 4883 | c408 e90c 
  0x000002220fd1cd80: 0000 0048 | b840 5b1d | dbfb 7f00 | 00ff d048 | 83c4 2049 | c787 a803 | 0000 0000 | 0000 49c7 
  0x000002220fd1cda0: 87b8 0300 | 0000 0000 | 0049 c787 | b003 0000 | 0000 0000 | c5f8 7749 | 837f 0800 | 0f84 0500 
  0x000002220fd1cdc0: 0000 e9f9 | 40ff ff4c | 8b6d c04c | 8b75 c84e | 8d74 f500 | c348 8b5d | e848 8b43 | 5849 8d8f 
  0x000002220fd1cde0: c803 0000 | 4c8d 15d5 | 0000 004d | 8997 b003 | 0000 c5f8 | 7749 89af | b803 0000 | 4989 a7a8 
  0x000002220fd1ce00: 0300 0041 | c787 5404 | 0000 0400 | 0000 493b | a748 0500 | 0076 0749 | 89a7 4805 | 0000 ffd0 
  0x000002220fd1ce20: 493b a748 | 0500 0072 | 0b49 c787 | 4805 0000 | 0000 0000 | c5f8 7748 | 83ec 10c5 | fb11 0424 
  0x000002220fd1ce40: 4883 ec10 | 4889 0424 | 48c7 4424 | 0800 0000 | 0041 c787 | 5404 0000 | 0500 0000 | f083 4424 
  0x000002220fd1ce60: c000 493b | 6f28 0f87 | 0e00 0000 | 4183 bf50 | 0400 0000 | 0f84 2000 | 0000 498b | cf4c 8be4 
  0x000002220fd1ce80: 4883 ec20 | 4883 e4f0 | 48b8 c0ba | 1edb fb7f | 0000 ffd0 | 498b e44d | 33e4 41c7 | 8754 0400 
  0x000002220fd1cea0: 0008 0000 | 004d 8b97 | 7005 0000 | 4983 fa00 | 7435 49c7 | 8770 0500 | 0000 0000 | 0041 ffe2 
  0x000002220fd1cec0: 49ba 00bb | d10f 2202 | 0000 41ff | d248 83ec | 10c5 fb11 | 0424 4883 | ec10 4889 | 0424 48c7 
  0x000002220fd1cee0: 4424 0800 | 0000 0049 | c787 a803 | 0000 0000 | 0000 49c7 | 87b8 0300 | 0000 0000 | 0049 c787 
  0x000002220fd1cf00: b003 0000 | 0000 0000 | c5f8 774d | 8b9f 3804 | 0000 41c7 | 8300 0100 | 0000 0000 | 0049 bb3a 
  0x000002220fd1cf20: a4d1 0f22 | 0200 004c | 3b5d 180f | 8555 0100 | 0048 8b04 | 2448 83c4 | 1048 85c0 | 0f84 2f01 
  0x000002220fd1cf40: 0000 a803 | 0f85 0800 | 0000 488b | 00e9 1f01 | 0000 a801 | 0f85 0900 | 0000 488b | 40fe e90e 
  0x000002220fd1cf60: 0100 0048 | 8b40 ff41 | 807f 4800 | 0f84 ff00 | 0000 4883 | f800 0f84 | f500 0000 | 4d8b 5f38 
  0x000002220fd1cf80: 4d85 db0f | 8414 0000 | 0049 83eb | 084d 895f | 384d 035f | 4049 8903 | e9d4 0000 | 0048 83ec 
  0x000002220fd1cfa0: 7048 8904 | 2448 894c | 2408 4889 | 5424 104c | 8944 2418 | 4c89 4c24 | 204c 8954 | 2428 4c89 
  0x000002220fd1cfc0: 5c24 30c5 | fb11 4424 | 40c5 fb11 | 4c24 48c5 | fb11 5424 | 50c5 fb11 | 5c24 58c5 | fb11 6424 
  0x000002220fd1cfe0: 60c5 fb11 | 6c24 6849 | 8bd7 488b | c848 83ec | 2040 f6c4 | 0f0f 8419 | 0000 0048 | 83ec 0848 
  0x000002220fd1d000: b830 4a11 | dbfb 7f00 | 00ff d048 | 83c4 08e9 | 0c00 0000 | 48b8 304a | 11db fb7f | 0000 ffd0 
  0x000002220fd1d020: 4883 c420 | c5fb 106c | 2468 c5fb | 1064 2460 | c5fb 105c | 2458 c5fb | 1054 2450 | c5fb 104c 
  0x000002220fd1d040: 2448 c5fb | 1044 2440 | 4c8b 5c24 | 304c 8b54 | 2428 4c8b | 4c24 204c | 8b44 2418 | 488b 5424 
  0x000002220fd1d060: 1048 8b4c | 2408 488b | 0424 4883 | c470 c5f8 | 7748 8945 | 1048 83ec | 1048 8904 | 2448 c744 
  0x000002220fd1d080: 2408 0000 | 0000 4183 | bfd0 0400 | 0002 0f85 | bf00 0000 | 4881 ec80 | 0000 0048 | 8944 2478 
  0x000002220fd1d0a0: 4889 4c24 | 7048 8954 | 2468 4889 | 5c24 6048 | 896c 2450 | 4889 7424 | 4848 897c | 2440 4c89 
  0x000002220fd1d0c0: 4424 384c | 894c 2430 | 4c89 5424 | 284c 895c | 2420 4c89 | 6424 184c | 896c 2410 | 4c89 7424 
  0x000002220fd1d0e0: 084c 893c | 244c 8be4 | 4883 ec20 | 4883 e4f0 | 48b8 6058 | 56db fb7f | 0000 ffd0 | 498b e44c 
  0x000002220fd1d100: 8b3c 244c | 8b74 2408 | 4c8b 6c24 | 104c 8b64 | 2418 4c8b | 5c24 204c | 8b54 2428 | 4c8b 4c24 
  0x000002220fd1d120: 304c 8b44 | 2438 488b | 7c24 4048 | 8b74 2448 | 488b 6c24 | 5048 8b5c | 2460 488b | 5424 6848 
  0x000002220fd1d140: 8b4c 2470 | 488b 4424 | 7848 81c4 | 8000 0000 | 4d33 e448 | 8b5d e84c | 8b6b 084d | 8d6d 3849 
  0x000002220fd1d160: 837f 0800 | 0f84 bb00 | 0000 e805 | 0000 00e9 | 9600 0000 | 488d 4424 | 084c 896d | c049 8bcf 
  0x000002220fd1d180: c5f8 7749 | 89af b803 | 0000 4989 | 87a8 0300 | 0048 83ec | 2040 f6c4 | 0f0f 8419 | 0000 0048 
  0x000002220fd1d1a0: 83ec 0848 | b8e0 791d | dbfb 7f00 | 00ff d048 | 83c4 08e9 | 0c00 0000 | 48b8 e079 | 1ddb fb7f 
  0x000002220fd1d1c0: 0000 ffd0 | 4883 c420 | 49c7 87a8 | 0300 0000 | 0000 0049 | c787 b803 | 0000 0000 | 0000 49c7 
  0x000002220fd1d1e0: 87b0 0300 | 0000 0000 | 00c5 f877 | 4983 7f08 | 000f 8405 | 0000 00e9 | c43c ffff | 4c8b 6dc0 
  0x000002220fd1d200: 4c8b 75c8 | 4e8d 74f5 | 00c3 48b9 | f8eb 7cdb | fb7f 0000 | 4883 e4f0 | 48b8 b0a9 | 43db fb7f 
  0x000002220fd1d220: 0000 ffd0 | f444 8b5b | 2841 f6c3 | 200f 8472 | 0100 0048 | 8d55 a84c | 8b5a 084d | 85db 0f85 
  0x000002220fd1d240: bb00 0000 | e805 0000 | 00e9 9600 | 0000 488d | 4424 084c | 896d c049 | 8bcf c5f8 | 7749 89af 
  0x000002220fd1d260: b803 0000 | 4989 87a8 | 0300 0048 | 83ec 2040 | f6c4 0f0f | 8419 0000 | 0048 83ec | 0848 b810 
  0x000002220fd1d280: 791d dbfb | 7f00 00ff | d048 83c4 | 08e9 0c00 | 0000 48b8 | 1079 1ddb | fb7f 0000 | ffd0 4883 
  0x000002220fd1d2a0: c420 49c7 | 87a8 0300 | 0000 0000 | 0049 c787 | b803 0000 | 0000 0000 | 49c7 87b0 | 0300 0000 
  0x000002220fd1d2c0: 0000 00c5 | f877 4983 | 7f08 000f | 8405 0000 | 00e9 ea3b | ffff 4c8b | 6dc0 4c8b | 75c8 4e8d 
  0x000002220fd1d2e0: 74f5 00c3 | 48b9 f8eb | 7cdb fb7f | 0000 4883 | e4f0 48b8 | b0a9 43db | fb7f 0000 | ffd0 f44c 
  0x000002220fd1d300: 896d c04c | 8b4a 0848 | c742 0800 | 0000 0045 | 8b87 5806 | 0000 4f3b | 4c07 f80f | 8542 0000 
  0x000002220fd1d320: 0041 83af | 5806 0000 | 084f 3b4c | 07f0 0f84 | 2a00 0000 | 498b 01a8 | 020f 8512 | 0000 004c 
  0x000002220fd1d340: 8bc0 4983 | c801 f04d | 0fb1 010f | 840d 0000 | 0041 8387 | 5806 0000 | 08e9 0500 | 0000 e93e 
  0x000002220fd1d360: 0000 004c | 894a 0848 | 8bca 4883 | ec20 40f6 | c40f 0f84 | 1900 0000 | 4883 ec08 | 48b8 304b 
  0x000002220fd1d380: 1ddb fb7f | 0000 ffd0 | 4883 c408 | e90c 0000 | 0048 b830 | 4b1d dbfb | 7f00 00ff | d048 83c4 
  0x000002220fd1d3a0: 204c 8b6d | c048 8b04 | 2448 83c4 | 10c5 fb10 | 0424 4883 | c410 4c8b | 5d18 41ff | d34c 8b5d 
  0x000002220fd1d3c0: f8c9 5f49 | 8be3 ffe7 | ba00 0000 | 00e8 0500 | 0000 e996 | 0000 0048 | 8d44 2408 | 4c89 6dc0 
  0x000002220fd1d3e0: 498b cfc5 | f877 4989 | afb8 0300 | 0049 8987 | a803 0000 | 4883 ec20 | 40f6 c40f | 0f84 1900 
  0x000002220fd1d400: 0000 4883 | ec08 48b8 | d03f 1ddb | fb7f 0000 | ffd0 4883 | c408 e90c | 0000 0048 | b8d0 3f1d 
  0x000002220fd1d420: dbfb 7f00 | 00ff d048 | 83c4 2049 | c787 a803 | 0000 0000 | 0000 49c7 | 87b8 0300 | 0000 0000 
  0x000002220fd1d440: 0049 c787 | b003 0000 | 0000 0000 | c5f8 7749 | 837f 0800 | 0f84 0500 | 0000 e961 | 3aff ff4c 
  0x000002220fd1d460: 8b6d c04c | 8b75 c84e | 8d74 f500 | c348 8b5d | e8e9 40f7 | ffff 6690 
[/MachCode]

---------------  P R O C E S S  ---------------

Threads class SMR info:
_java_thread_list=0x0000022219842df0, length=11, elements={
0x0000022276ce0cb0, 0x000002227ec92ea0, 0x000002227ec93aa0, 0x000002227ec97940,
0x000002227ec98470, 0x000002227ec995b0, 0x000002227eca20f0, 0x000002227ecc8c50,
0x000002227eccb7e0, 0x00000222198432f0, 0x0000022219869240
}

Java Threads: ( => current thread )
=>0x0000022276ce0cb0 JavaThread "main"                              [_thread_in_native, id=17220, stack(0x00000057be000000,0x00000057be100000) (1024K)]
  0x000002227ec92ea0 JavaThread "Reference Handler"          daemon [_thread_blocked, id=17728, stack(0x00000057be800000,0x00000057be900000) (1024K)]
  0x000002227ec93aa0 JavaThread "Finalizer"                  daemon [_thread_blocked, id=6976, stack(0x00000057be900000,0x00000057bea00000) (1024K)]
  0x000002227ec97940 JavaThread "Signal Dispatcher"          daemon [_thread_blocked, id=8508, stack(0x00000057bea00000,0x00000057beb00000) (1024K)]
  0x000002227ec98470 JavaThread "Attach Listener"            daemon [_thread_blocked, id=5836, stack(0x00000057beb00000,0x00000057bec00000) (1024K)]
  0x000002227ec995b0 JavaThread "Service Thread"             daemon [_thread_blocked, id=11648, stack(0x00000057bec00000,0x00000057bed00000) (1024K)]
  0x000002227eca20f0 JavaThread "Monitor Deflation Thread"   daemon [_thread_blocked, id=18304, stack(0x00000057bed00000,0x00000057bee00000) (1024K)]
  0x000002227ecc8c50 JavaThread "C2 CompilerThread0"         daemon [_thread_blocked, id=3748, stack(0x00000057bee00000,0x00000057bef00000) (1024K)]
  0x000002227eccb7e0 JavaThread "C1 CompilerThread0"         daemon [_thread_blocked, id=9820, stack(0x00000057bef00000,0x00000057bf000000) (1024K)]
  0x00000222198432f0 JavaThread "Notification Thread"        daemon [_thread_blocked, id=5168, stack(0x00000057bf000000,0x00000057bf100000) (1024K)]
  0x0000022219869240 JavaThread "Common-Cleaner"             daemon [_thread_blocked, id=8800, stack(0x00000057bf100000,0x00000057bf200000) (1024K)]
Total: 11

Other Threads:
  0x000002227ec82da0 VMThread "VM Thread"                           [id=5440, stack(0x00000057be700000,0x00000057be800000) (1024K)]
  0x000002227ec73610 WatcherThread "VM Periodic Task Thread"        [id=3272, stack(0x00000057be600000,0x00000057be700000) (1024K)]
  0x00000222790a7ba0 WorkerThread "GC Thread#0"                     [id=12800, stack(0x00000057be100000,0x00000057be200000) (1024K)]
  0x000002225f94d430 WorkerThread "GC Thread#1"                     [id=16588, stack(0x00000057bdd00000,0x00000057bde00000) (1024K)]
  0x000002225f94ca80 WorkerThread "GC Thread#2"                     [id=6224, stack(0x00000057bde00000,0x00000057bdf00000) (1024K)]
  0x000002225f251680 WorkerThread "GC Thread#3"                     [id=1980, stack(0x00000057bdf00000,0x00000057be000000) (1024K)]
  0x000002225f7b7050 WorkerThread "GC Thread#4"                     [id=9900, stack(0x00000057bf200000,0x00000057bf300000) (1024K)]
  0x000002225f7b7400 WorkerThread "GC Thread#5"                     [id=13608, stack(0x00000057bf300000,0x00000057bf400000) (1024K)]
  0x00000222790bc430 ConcurrentGCThread "G1 Main Marker"            [id=2732, stack(0x00000057be200000,0x00000057be300000) (1024K)]
  0x00000222790bcf40 WorkerThread "G1 Conc#0"                       [id=18100, stack(0x00000057be300000,0x00000057be400000) (1024K)]
  0x000002227eb3d940 ConcurrentGCThread "G1 Refine#0"               [id=13944, stack(0x00000057be400000,0x00000057be500000) (1024K)]
  0x000002227eb3e4c0 ConcurrentGCThread "G1 Service"                [id=15928, stack(0x00000057be500000,0x00000057be600000) (1024K)]
Total: 12

Threads with active compile tasks:
Total: 0

VM state: not at safepoint (normal execution)

VM Mutex/Monitor currently owned by a thread: None

Heap address: 0x0000000706200000, size: 3998 MB, Compressed Oops mode: Zero based, Oop shift amount: 3

CDS archive(s) mapped at: [0x000002221a000000-0x000002221ad40000-0x000002221ad40000), size 13893632, SharedBaseAddress: 0x000002221a000000, ArchiveRelocationMode: 1.
Compressed class space mapped at: 0x000002221b000000-0x000002225b000000, reserved size: 1073741824
UseCompressedClassPointers 1, UseCompactObjectHeaders 0
Narrow klass pointer bits 32, Max shift 3
Narrow klass base: 0x000002221a000000, Narrow klass shift: 0
Encoding Range: [0x000002221a000000 - 0x000002231a000000), (4294967296 bytes)
Klass Range:    [0x000002221a000000 - 0x000002225b000000), (1090519040 bytes)
Klass ID Range:  [8 - 1090519033) (1090519025)

GC Precious Log:
 CardTable entry size: 512
 Card Set container configuration: InlinePtr #cards 4 size 8 Array Of Cards #cards 16 size 48 Howl #buckets 8 coarsen threshold 3686 Howl Bitmap #cards 512 size 80 coarsen threshold 460 Card regions per heap region 1 cards per card region 4096
 CPUs: 8 total, 8 available
 Memory: 15984M
 Large Page Support: Disabled
 NUMA Support: Disabled
 Compressed Oops: Enabled (Zero based)
 Heap Region Size: 2M
 Heap Min Capacity: 8M
 Heap Initial Capacity: 250M
 Heap Max Capacity: 3998M
 Pre-touch: Disabled
 Parallel Workers: 8
 Concurrent Workers: 2
 Concurrent Refinement Workers: 8
 Periodic GC: Disabled

Heap:
 garbage-first heap   total reserved 4093952K, committed 258048K, used 118234K [0x0000000706200000, 0x0000000800000000)
  region size 2048K, 59 young (120832K), 1 survivors (2048K)
 Metaspace       used 746K, committed 896K, reserved 1114112K
  class space    used 33K, committed 128K, reserved 1048576K

Heap Regions: E=young(eden), S=young(survivor), O=old, HS=humongous(starts), HC=humongous(continues), CS=collection set, F=free, TAMS=top-at-mark-start, PB=parsable bottom
|   0|0x0000000706200000, 0x0000000706200000, 0x0000000706400000|  0%| F|  |TAMS 0x0000000706200000| PB 0x0000000706200000| Untracked |  0
|   1|0x0000000706400000, 0x0000000706400000, 0x0000000706600000|  0%| F|  |TAMS 0x0000000706400000| PB 0x0000000706400000| Untracked |  0
|   2|0x0000000706600000, 0x0000000706600000, 0x0000000706800000|  0%| F|  |TAMS 0x0000000706600000| PB 0x0000000706600000| Untracked |  0
|   3|0x0000000706800000, 0x0000000706800000, 0x0000000706a00000|  0%| F|  |TAMS 0x0000000706800000| PB 0x0000000706800000| Untracked |  0
|   4|0x0000000706a00000, 0x0000000706a00000, 0x0000000706c00000|  0%| F|  |TAMS 0x0000000706a00000| PB 0x0000000706a00000| Untracked |  0
|   5|0x0000000706c00000, 0x0000000706c00000, 0x0000000706e00000|  0%| F|  |TAMS 0x0000000706c00000| PB 0x0000000706c00000| Untracked |  0
|   6|0x0000000706e00000, 0x0000000706e00000, 0x0000000707000000|  0%| F|  |TAMS 0x0000000706e00000| PB 0x0000000706e00000| Untracked |  0
|   7|0x0000000707000000, 0x0000000707000000, 0x0000000707200000|  0%| F|  |TAMS 0x0000000707000000| PB 0x0000000707000000| Untracked |  0
|   8|0x0000000707200000, 0x0000000707200000, 0x0000000707400000|  0%| F|  |TAMS 0x0000000707200000| PB 0x0000000707200000| Untracked |  0
|   9|0x0000000707400000, 0x0000000707400000, 0x0000000707600000|  0%| F|  |TAMS 0x0000000707400000| PB 0x0000000707400000| Untracked |  0
|  10|0x0000000707600000, 0x0000000707600000, 0x0000000707800000|  0%| F|  |TAMS 0x0000000707600000| PB 0x0000000707600000| Untracked |  0
|  11|0x0000000707800000, 0x0000000707800000, 0x0000000707a00000|  0%| F|  |TAMS 0x0000000707800000| PB 0x0000000707800000| Untracked |  0
|  12|0x0000000707a00000, 0x0000000707a00000, 0x0000000707c00000|  0%| F|  |TAMS 0x0000000707a00000| PB 0x0000000707a00000| Untracked |  0
|  13|0x0000000707c00000, 0x0000000707c00000, 0x0000000707e00000|  0%| F|  |TAMS 0x0000000707c00000| PB 0x0000000707c00000| Untracked |  0
|  14|0x0000000707e00000, 0x0000000707e00000, 0x0000000708000000|  0%| F|  |TAMS 0x0000000707e00000| PB 0x0000000707e00000| Untracked |  0
|  15|0x0000000708000000, 0x0000000708000000, 0x0000000708200000|  0%| F|  |TAMS 0x0000000708000000| PB 0x0000000708000000| Untracked |  0
|  16|0x0000000708200000, 0x0000000708200000, 0x0000000708400000|  0%| F|  |TAMS 0x0000000708200000| PB 0x0000000708200000| Untracked |  0
|  17|0x0000000708400000, 0x0000000708400000, 0x0000000708600000|  0%| F|  |TAMS 0x0000000708400000| PB 0x0000000708400000| Untracked |  0
|  18|0x0000000708600000, 0x0000000708600000, 0x0000000708800000|  0%| F|  |TAMS 0x0000000708600000| PB 0x0000000708600000| Untracked |  0
|  19|0x0000000708800000, 0x0000000708800000, 0x0000000708a00000|  0%| F|  |TAMS 0x0000000708800000| PB 0x0000000708800000| Untracked |  0
|  20|0x0000000708a00000, 0x0000000708a00000, 0x0000000708c00000|  0%| F|  |TAMS 0x0000000708a00000| PB 0x0000000708a00000| Untracked |  0
|  21|0x0000000708c00000, 0x0000000708c00000, 0x0000000708e00000|  0%| F|  |TAMS 0x0000000708c00000| PB 0x0000000708c00000| Untracked |  0
|  22|0x0000000708e00000, 0x0000000708e00000, 0x0000000709000000|  0%| F|  |TAMS 0x0000000708e00000| PB 0x0000000708e00000| Untracked |  0
|  23|0x0000000709000000, 0x0000000709000000, 0x0000000709200000|  0%| F|  |TAMS 0x0000000709000000| PB 0x0000000709000000| Untracked |  0
|  24|0x0000000709200000, 0x0000000709200000, 0x0000000709400000|  0%| F|  |TAMS 0x0000000709200000| PB 0x0000000709200000| Untracked |  0
|  25|0x0000000709400000, 0x0000000709400000, 0x0000000709600000|  0%| F|  |TAMS 0x0000000709400000| PB 0x0000000709400000| Untracked |  0
|  26|0x0000000709600000, 0x0000000709600000, 0x0000000709800000|  0%| F|  |TAMS 0x0000000709600000| PB 0x0000000709600000| Untracked |  0
|  27|0x0000000709800000, 0x0000000709800000, 0x0000000709a00000|  0%| F|  |TAMS 0x0000000709800000| PB 0x0000000709800000| Untracked |  0
|  28|0x0000000709a00000, 0x0000000709a00000, 0x0000000709c00000|  0%| F|  |TAMS 0x0000000709a00000| PB 0x0000000709a00000| Untracked |  0
|  29|0x0000000709c00000, 0x0000000709c00000, 0x0000000709e00000|  0%| F|  |TAMS 0x0000000709c00000| PB 0x0000000709c00000| Untracked |  0
|  30|0x0000000709e00000, 0x0000000709e00000, 0x000000070a000000|  0%| F|  |TAMS 0x0000000709e00000| PB 0x0000000709e00000| Untracked |  0
|  31|0x000000070a000000, 0x000000070a000000, 0x000000070a200000|  0%| F|  |TAMS 0x000000070a000000| PB 0x000000070a000000| Untracked |  0
|  32|0x000000070a200000, 0x000000070a200000, 0x000000070a400000|  0%| F|  |TAMS 0x000000070a200000| PB 0x000000070a200000| Untracked |  0
|  33|0x000000070a400000, 0x000000070a400000, 0x000000070a600000|  0%| F|  |TAMS 0x000000070a400000| PB 0x000000070a400000| Untracked |  0
|  34|0x000000070a600000, 0x000000070a600000, 0x000000070a800000|  0%| F|  |TAMS 0x000000070a600000| PB 0x000000070a600000| Untracked |  0
|  35|0x000000070a800000, 0x000000070a800000, 0x000000070aa00000|  0%| F|  |TAMS 0x000000070a800000| PB 0x000000070a800000| Untracked |  0
|  36|0x000000070aa00000, 0x000000070aa00000, 0x000000070ac00000|  0%| F|  |TAMS 0x000000070aa00000| PB 0x000000070aa00000| Untracked |  0
|  37|0x000000070ac00000, 0x000000070ac00000, 0x000000070ae00000|  0%| F|  |TAMS 0x000000070ac00000| PB 0x000000070ac00000| Untracked |  0
|  38|0x000000070ae00000, 0x000000070ae00000, 0x000000070b000000|  0%| F|  |TAMS 0x000000070ae00000| PB 0x000000070ae00000| Untracked |  0
|  39|0x000000070b000000, 0x000000070b000000, 0x000000070b200000|  0%| F|  |TAMS 0x000000070b000000| PB 0x000000070b000000| Untracked |  0
|  40|0x000000070b200000, 0x000000070b200000, 0x000000070b400000|  0%| F|  |TAMS 0x000000070b200000| PB 0x000000070b200000| Untracked |  0
|  41|0x000000070b400000, 0x000000070b400000, 0x000000070b600000|  0%| F|  |TAMS 0x000000070b400000| PB 0x000000070b400000| Untracked |  0
|  42|0x000000070b600000, 0x000000070b600000, 0x000000070b800000|  0%| F|  |TAMS 0x000000070b600000| PB 0x000000070b600000| Untracked |  0
|  43|0x000000070b800000, 0x000000070b800000, 0x000000070ba00000|  0%| F|  |TAMS 0x000000070b800000| PB 0x000000070b800000| Untracked |  0
|  44|0x000000070ba00000, 0x000000070ba00000, 0x000000070bc00000|  0%| F|  |TAMS 0x000000070ba00000| PB 0x000000070ba00000| Untracked |  0
|  45|0x000000070bc00000, 0x000000070bc00000, 0x000000070be00000|  0%| F|  |TAMS 0x000000070bc00000| PB 0x000000070bc00000| Untracked |  0
|  46|0x000000070be00000, 0x000000070be00000, 0x000000070c000000|  0%| F|  |TAMS 0x000000070be00000| PB 0x000000070be00000| Untracked |  0
|  47|0x000000070c000000, 0x000000070c000000, 0x000000070c200000|  0%| F|  |TAMS 0x000000070c000000| PB 0x000000070c000000| Untracked |  0
|  48|0x000000070c200000, 0x000000070c200000, 0x000000070c400000|  0%| F|  |TAMS 0x000000070c200000| PB 0x000000070c200000| Untracked |  0
|  49|0x000000070c400000, 0x000000070c400000, 0x000000070c600000|  0%| F|  |TAMS 0x000000070c400000| PB 0x000000070c400000| Untracked |  0
|  50|0x000000070c600000, 0x000000070c600000, 0x000000070c800000|  0%| F|  |TAMS 0x000000070c600000| PB 0x000000070c600000| Untracked |  0
|  51|0x000000070c800000, 0x000000070c800000, 0x000000070ca00000|  0%| F|  |TAMS 0x000000070c800000| PB 0x000000070c800000| Untracked |  0
|  52|0x000000070ca00000, 0x000000070ca00000, 0x000000070cc00000|  0%| F|  |TAMS 0x000000070ca00000| PB 0x000000070ca00000| Untracked |  0
|  53|0x000000070cc00000, 0x000000070cc00000, 0x000000070ce00000|  0%| F|  |TAMS 0x000000070cc00000| PB 0x000000070cc00000| Untracked |  0
|  54|0x000000070ce00000, 0x000000070ce00000, 0x000000070d000000|  0%| F|  |TAMS 0x000000070ce00000| PB 0x000000070ce00000| Untracked |  0
|  55|0x000000070d000000, 0x000000070d000000, 0x000000070d200000|  0%| F|  |TAMS 0x000000070d000000| PB 0x000000070d000000| Untracked |  0
|  56|0x000000070d200000, 0x000000070d200000, 0x000000070d400000|  0%| F|  |TAMS 0x000000070d200000| PB 0x000000070d200000| Untracked |  0
|  57|0x000000070d400000, 0x000000070d400000, 0x000000070d600000|  0%| F|  |TAMS 0x000000070d400000| PB 0x000000070d400000| Untracked |  0
|  58|0x000000070d600000, 0x000000070d600000, 0x000000070d800000|  0%| F|  |TAMS 0x000000070d600000| PB 0x000000070d600000| Untracked |  0
|  59|0x000000070d800000, 0x000000070d800000, 0x000000070da00000|  0%| F|  |TAMS 0x000000070d800000| PB 0x000000070d800000| Untracked |  0
|  60|0x000000070da00000, 0x000000070da00000, 0x000000070dc00000|  0%| F|  |TAMS 0x000000070da00000| PB 0x000000070da00000| Untracked |  0
|  61|0x000000070dc00000, 0x000000070dc00000, 0x000000070de00000|  0%| F|  |TAMS 0x000000070dc00000| PB 0x000000070dc00000| Untracked |  0
|  62|0x000000070de00000, 0x000000070de00000, 0x000000070e000000|  0%| F|  |TAMS 0x000000070de00000| PB 0x000000070de00000| Untracked |  0
|  63|0x000000070e000000, 0x000000070e000000, 0x000000070e200000|  0%| F|  |TAMS 0x000000070e000000| PB 0x000000070e000000| Untracked |  0
|  64|0x000000070e200000, 0x000000070e200000, 0x000000070e400000|  0%| F|  |TAMS 0x000000070e200000| PB 0x000000070e200000| Untracked |  0
|  65|0x000000070e400000, 0x000000070e400000, 0x000000070e600000|  0%| F|  |TAMS 0x000000070e400000| PB 0x000000070e400000| Untracked |  0
|  66|0x000000070e600000, 0x000000070e7d3d00, 0x000000070e800000| 91%| E|  |TAMS 0x000000070e600000| PB 0x000000070e600000| Complete |  0
|  67|0x000000070e800000, 0x000000070ea00000, 0x000000070ea00000|100%| E|CS|TAMS 0x000000070e800000| PB 0x000000070e800000| Complete |  0
|  68|0x000000070ea00000, 0x000000070ec00000, 0x000000070ec00000|100%| E|CS|TAMS 0x000000070ea00000| PB 0x000000070ea00000| Complete |  0
|  69|0x000000070ec00000, 0x000000070ee00000, 0x000000070ee00000|100%| E|CS|TAMS 0x000000070ec00000| PB 0x000000070ec00000| Complete |  0
|  70|0x000000070ee00000, 0x000000070f000000, 0x000000070f000000|100%| E|CS|TAMS 0x000000070ee00000| PB 0x000000070ee00000| Complete |  0
|  71|0x000000070f000000, 0x000000070f200000, 0x000000070f200000|100%| E|CS|TAMS 0x000000070f000000| PB 0x000000070f000000| Complete |  0
|  72|0x000000070f200000, 0x000000070f400000, 0x000000070f400000|100%| E|CS|TAMS 0x000000070f200000| PB 0x000000070f200000| Complete |  0
|  73|0x000000070f400000, 0x000000070f600000, 0x000000070f600000|100%| E|CS|TAMS 0x000000070f400000| PB 0x000000070f400000| Complete |  0
|  74|0x000000070f600000, 0x000000070f800000, 0x000000070f800000|100%| E|CS|TAMS 0x000000070f600000| PB 0x000000070f600000| Complete |  0
|  75|0x000000070f800000, 0x000000070fa00000, 0x000000070fa00000|100%| E|CS|TAMS 0x000000070f800000| PB 0x000000070f800000| Complete |  0
|  76|0x000000070fa00000, 0x000000070fc00000, 0x000000070fc00000|100%| E|CS|TAMS 0x000000070fa00000| PB 0x000000070fa00000| Complete |  0
|  77|0x000000070fc00000, 0x000000070fe00000, 0x000000070fe00000|100%| E|CS|TAMS 0x000000070fc00000| PB 0x000000070fc00000| Complete |  0
|  78|0x000000070fe00000, 0x0000000710000000, 0x0000000710000000|100%| E|CS|TAMS 0x000000070fe00000| PB 0x000000070fe00000| Complete |  0
|  79|0x0000000710000000, 0x0000000710200000, 0x0000000710200000|100%| E|CS|TAMS 0x0000000710000000| PB 0x0000000710000000| Complete |  0
|  80|0x0000000710200000, 0x0000000710400000, 0x0000000710400000|100%| E|CS|TAMS 0x0000000710200000| PB 0x0000000710200000| Complete |  0
|  81|0x0000000710400000, 0x0000000710600000, 0x0000000710600000|100%| E|CS|TAMS 0x0000000710400000| PB 0x0000000710400000| Complete |  0
|  82|0x0000000710600000, 0x0000000710800000, 0x0000000710800000|100%| E|CS|TAMS 0x0000000710600000| PB 0x0000000710600000| Complete |  0
|  83|0x0000000710800000, 0x0000000710a00000, 0x0000000710a00000|100%| E|CS|TAMS 0x0000000710800000| PB 0x0000000710800000| Complete |  0
|  84|0x0000000710a00000, 0x0000000710c00000, 0x0000000710c00000|100%| E|CS|TAMS 0x0000000710a00000| PB 0x0000000710a00000| Complete |  0
|  85|0x0000000710c00000, 0x0000000710e00000, 0x0000000710e00000|100%| E|CS|TAMS 0x0000000710c00000| PB 0x0000000710c00000| Complete |  0
|  86|0x0000000710e00000, 0x0000000711000000, 0x0000000711000000|100%| E|CS|TAMS 0x0000000710e00000| PB 0x0000000710e00000| Complete |  0
|  87|0x0000000711000000, 0x0000000711200000, 0x0000000711200000|100%| E|CS|TAMS 0x0000000711000000| PB 0x0000000711000000| Complete |  0
|  88|0x0000000711200000, 0x0000000711400000, 0x0000000711400000|100%| E|CS|TAMS 0x0000000711200000| PB 0x0000000711200000| Complete |  0
|  89|0x0000000711400000, 0x0000000711600000, 0x0000000711600000|100%| E|CS|TAMS 0x0000000711400000| PB 0x0000000711400000| Complete |  0
|  90|0x0000000711600000, 0x0000000711800000, 0x0000000711800000|100%| E|CS|TAMS 0x0000000711600000| PB 0x0000000711600000| Complete |  0
|  91|0x0000000711800000, 0x0000000711a00000, 0x0000000711a00000|100%| E|CS|TAMS 0x0000000711800000| PB 0x0000000711800000| Complete |  0
|  92|0x0000000711a00000, 0x0000000711c00000, 0x0000000711c00000|100%| E|CS|TAMS 0x0000000711a00000| PB 0x0000000711a00000| Complete |  0
|  93|0x0000000711c00000, 0x0000000711e00000, 0x0000000711e00000|100%| E|CS|TAMS 0x0000000711c00000| PB 0x0000000711c00000| Complete |  0
|  94|0x0000000711e00000, 0x0000000712000000, 0x0000000712000000|100%| E|CS|TAMS 0x0000000711e00000| PB 0x0000000711e00000| Complete |  0
|  95|0x0000000712000000, 0x0000000712200000, 0x0000000712200000|100%| E|CS|TAMS 0x0000000712000000| PB 0x0000000712000000| Complete |  0
|  96|0x0000000712200000, 0x0000000712400000, 0x0000000712400000|100%| E|CS|TAMS 0x0000000712200000| PB 0x0000000712200000| Complete |  0
|  97|0x0000000712400000, 0x0000000712600000, 0x0000000712600000|100%| E|CS|TAMS 0x0000000712400000| PB 0x0000000712400000| Complete |  0
|  98|0x0000000712600000, 0x0000000712800000, 0x0000000712800000|100%| E|CS|TAMS 0x0000000712600000| PB 0x0000000712600000| Complete |  0
|  99|0x0000000712800000, 0x0000000712a00000, 0x0000000712a00000|100%| E|CS|TAMS 0x0000000712800000| PB 0x0000000712800000| Complete |  0
| 100|0x0000000712a00000, 0x0000000712a59550, 0x0000000712c00000| 17%| S|CS|TAMS 0x0000000712a00000| PB 0x0000000712a00000| Complete |  0
| 101|0x0000000712c00000, 0x0000000712e00000, 0x0000000712e00000|100%| E|CS|TAMS 0x0000000712c00000| PB 0x0000000712c00000| Complete |  0
| 102|0x0000000712e00000, 0x0000000713000000, 0x0000000713000000|100%| E|CS|TAMS 0x0000000712e00000| PB 0x0000000712e00000| Complete |  0
| 103|0x0000000713000000, 0x0000000713200000, 0x0000000713200000|100%| E|CS|TAMS 0x0000000713000000| PB 0x0000000713000000| Complete |  0
| 104|0x0000000713200000, 0x0000000713400000, 0x0000000713400000|100%| E|CS|TAMS 0x0000000713200000| PB 0x0000000713200000| Complete |  0
| 105|0x0000000713400000, 0x0000000713600000, 0x0000000713600000|100%| E|CS|TAMS 0x0000000713400000| PB 0x0000000713400000| Complete |  0
| 106|0x0000000713600000, 0x0000000713800000, 0x0000000713800000|100%| E|CS|TAMS 0x0000000713600000| PB 0x0000000713600000| Complete |  0
| 107|0x0000000713800000, 0x0000000713a00000, 0x0000000713a00000|100%| E|CS|TAMS 0x0000000713800000| PB 0x0000000713800000| Complete |  0
| 108|0x0000000713a00000, 0x0000000713c00000, 0x0000000713c00000|100%| E|CS|TAMS 0x0000000713a00000| PB 0x0000000713a00000| Complete |  0
| 109|0x0000000713c00000, 0x0000000713e00000, 0x0000000713e00000|100%| E|CS|TAMS 0x0000000713c00000| PB 0x0000000713c00000| Complete |  0
| 110|0x0000000713e00000, 0x0000000714000000, 0x0000000714000000|100%| E|CS|TAMS 0x0000000713e00000| PB 0x0000000713e00000| Complete |  0
| 111|0x0000000714000000, 0x0000000714200000, 0x0000000714200000|100%| E|CS|TAMS 0x0000000714000000| PB 0x0000000714000000| Complete |  0
| 112|0x0000000714200000, 0x0000000714400000, 0x0000000714400000|100%| E|CS|TAMS 0x0000000714200000| PB 0x0000000714200000| Complete |  0
| 113|0x0000000714400000, 0x0000000714600000, 0x0000000714600000|100%| E|CS|TAMS 0x0000000714400000| PB 0x0000000714400000| Complete |  0
| 114|0x0000000714600000, 0x0000000714800000, 0x0000000714800000|100%| E|CS|TAMS 0x0000000714600000| PB 0x0000000714600000| Complete |  0
| 115|0x0000000714800000, 0x0000000714a00000, 0x0000000714a00000|100%| E|CS|TAMS 0x0000000714800000| PB 0x0000000714800000| Complete |  0
| 116|0x0000000714a00000, 0x0000000714c00000, 0x0000000714c00000|100%| E|CS|TAMS 0x0000000714a00000| PB 0x0000000714a00000| Complete |  0
| 117|0x0000000714c00000, 0x0000000714e00000, 0x0000000714e00000|100%| E|CS|TAMS 0x0000000714c00000| PB 0x0000000714c00000| Complete |  0
| 118|0x0000000714e00000, 0x0000000715000000, 0x0000000715000000|100%| E|CS|TAMS 0x0000000714e00000| PB 0x0000000714e00000| Complete |  0
| 119|0x0000000715000000, 0x0000000715200000, 0x0000000715200000|100%| E|CS|TAMS 0x0000000715000000| PB 0x0000000715000000| Complete |  0
| 120|0x0000000715200000, 0x0000000715400000, 0x0000000715400000|100%| E|CS|TAMS 0x0000000715200000| PB 0x0000000715200000| Complete |  0
| 121|0x0000000715400000, 0x0000000715600000, 0x0000000715600000|100%| E|CS|TAMS 0x0000000715400000| PB 0x0000000715400000| Complete |  0
| 122|0x0000000715600000, 0x0000000715800000, 0x0000000715800000|100%| E|CS|TAMS 0x0000000715600000| PB 0x0000000715600000| Complete |  0
| 123|0x0000000715800000, 0x0000000715a00000, 0x0000000715a00000|100%| E|CS|TAMS 0x0000000715800000| PB 0x0000000715800000| Complete |  0
| 124|0x0000000715a00000, 0x0000000715c00000, 0x0000000715c00000|100%| E|CS|TAMS 0x0000000715a00000| PB 0x0000000715a00000| Complete |  0
|1998|0x00000007ffe00000, 0x00000007fff1d3c0, 0x0000000800000000| 55%| O|  |TAMS 0x00000007ffe00000| PB 0x00000007ffe00000| Untracked |  0

Card table byte_map: [0x0000022279c10000,0x000002227a3e0000] _byte_map_base: 0x00000222763df000

Marking Bits: (CMBitMap*) 0x00000222790a82b0
 Bits: [0x000002227a3e0000, 0x000002227e258000)

Polling page: 0x0000022276e90000

Metaspace:

Usage:
  Non-class:    713.16 KB used.
      Class:     33.48 KB used.
       Both:    746.63 KB used.

Virtual space:
  Non-class space:       64.00 MB reserved,     768.00 KB (  1%) committed,  1 nodes.
      Class space:        1.00 GB reserved,     128.00 KB ( <1%) committed,  1 nodes.
             Both:        1.06 GB reserved,     896.00 KB ( <1%) committed. 

Chunk freelists:
   Non-Class:  11.92 MB
       Class:  15.73 MB
        Both:  27.65 MB

MaxMetaspaceSize: unlimited
CompressedClassSpaceSize: 1.00 GB
Initial GC threshold: 21.00 MB
Current GC threshold: 21.00 MB
CDS: on
 - commit_granule_bytes: 65536.
 - commit_granule_words: 8192.
 - virtual_space_node_default_size: 8388608.
 - enlarge_chunks_in_place: 1.
UseCompressedClassPointers 1, UseCompactObjectHeaders 0
Narrow klass pointer bits 32, Max shift 3
Narrow klass base: 0x000002221a000000, Narrow klass shift: 0
Encoding Range: [0x000002221a000000 - 0x000002231a000000), (4294967296 bytes)
Klass Range:    [0x000002221a000000 - 0x000002225b000000), (1090519040 bytes)
Klass ID Range:  [8 - 1090519033) (1090519025)


Internal statistics:

num_allocs_failed_limit: 0.
num_arena_births: 6.
num_arena_deaths: 0.
num_vsnodes_births: 2.
num_vsnodes_deaths: 0.
num_space_committed: 14.
num_space_uncommitted: 0.
num_chunks_returned_to_freelist: 0.
num_chunks_taken_from_freelist: 14.
num_chunk_merges: 0.
num_chunk_splits: 8.
num_chunks_enlarged: 7.
num_inconsistent_stats: 0.

CodeHeap 'non-profiled nmethods': size=120064Kb used=444Kb max_used=444Kb free=119620Kb
 bounds [0x00000222102a0000, 0x0000022210510000, 0x00000222177e0000]
CodeHeap 'profiled nmethods': size=120000Kb used=982Kb max_used=982Kb free=119017Kb
 bounds [0x00000222087e0000, 0x0000022208a50000, 0x000002220fd10000]
CodeHeap 'non-nmethods': size=5696Kb used=1200Kb max_used=1263Kb free=4495Kb
 bounds [0x000002220fd10000, 0x000002220ff80000, 0x00000222102a0000]
CodeCache: size=245760Kb, used=2626Kb, max_used=2689Kb, free=243132Kb
 total_blobs=1040, nmethods=674, adapters=272, full_count=0
Compilation: enabled, stopped_count=0, restarted_count=0

Compilation events (20 events):
Event: 565.577 Thread 0x000002227ecc8c50  665       4       java.nio.charset.CharsetEncoder::implReplaceWith (1 bytes)
Event: 565.577 Thread 0x000002227ecc8c50 nmethod 665 0x000002221030c388 code [0x000002221030c480, 0x000002221030c4f8]
Event: 591.769 Thread 0x000002227ecc8c50  666       4       sun.nio.cs.UTF_8$Decoder::decodeArrayLoop (688 bytes)
Event: 591.773 Thread 0x000002227ecc8c50 nmethod 666 0x000002221030c688 code [0x000002221030c7c0, 0x000002221030ce98]
Event: 594.449 Thread 0x000002227eccb7e0  667 %     3       gamepkg.mazeGenerator::primsGenerator @ 10 (335 bytes)
Event: 594.450 Thread 0x000002227eccb7e0 nmethod 667% 0x00000222088d0f08 code [0x00000222088d1280, 0x00000222088d3198]
Event: 613.157 Thread 0x000002227eccb7e0  668       3       java.lang.Thread::isVirtual (5 bytes)
Event: 613.157 Thread 0x000002227eccb7e0 nmethod 668 0x00000222088d3208 code [0x00000222088d3320, 0x00000222088d3500]
Event: 631.601 Thread 0x000002227eccb7e0  669       3       gamepkg.mazeGenerator::primsGenerator (335 bytes)
Event: 631.603 Thread 0x000002227eccb7e0 nmethod 669 0x00000222088d3588 code [0x00000222088d38e0, 0x00000222088d55b0]
Event: 657.534 Thread 0x000002227ecc8c50  670       4       java.io.FileInputStream::read (28 bytes)
Event: 657.534 Thread 0x000002227ecc8c50 nmethod 670 0x000002221030cf88 code [0x000002221030d0a0, 0x000002221030d180]
Event: 663.099 Thread 0x000002227ecc8c50  671       4       java.util.regex.Pattern::expr (142 bytes)
Event: 663.101 Thread 0x000002227ecc8c50 nmethod 671 0x000002221030d288 code [0x000002221030d3a0, 0x000002221030d500]
Event: 668.840 Thread 0x000002227ecc8c50  672       4       java.lang.Math::max (45 bytes)
Event: 668.841 Thread 0x000002227ecc8c50 nmethod 672 0x000002221030d588 code [0x000002221030d6a0, 0x000002221030d798]
Event: 670.228 Thread 0x000002227eccb7e0  673       3       gamepkg.Entity::onStep (1 bytes)
Event: 670.228 Thread 0x000002227eccb7e0 nmethod 673 0x00000222088d5688 code [0x00000222088d57a0, 0x00000222088d58a8]
Event: 676.592 Thread 0x000002227ecc8c50  674       4       java.io.InputStreamReader::read (11 bytes)
Event: 676.610 Thread 0x000002227ecc8c50 nmethod 674 0x000002221030d888 code [0x000002221030dae0, 0x000002221030ede8]

GC Heap History (2 events):
Event: 192.992 GC heap before
{Heap before GC invocations=0 (full 0):
 garbage-first heap   total reserved 4093952K, committed 258048K, used 50292K [0x0000000706200000, 0x0000000800000000)
  region size 2048K, 24 young (49152K), 0 survivors (0K)
 Metaspace       used 703K, committed 896K, reserved 1114112K
  class space    used 33K, committed 128K, reserved 1048576K
}
Event: 192.995 GC heap after
{Heap after GC invocations=1 (full 0):
 garbage-first heap   total reserved 4093952K, committed 258048K, used 1498K [0x0000000706200000, 0x0000000800000000)
  region size 2048K, 1 young (2048K), 1 survivors (2048K)
 Metaspace       used 703K, committed 896K, reserved 1114112K
  class space    used 33K, committed 128K, reserved 1048576K
}

Dll operation events (3 events):
Event: 0.010 Loaded shared library C:\Program Files\Java\jdk-24\bin\java.dll
Event: 0.043 Loaded shared library C:\Program Files\Java\jdk-24\bin\jsvml.dll
Event: 0.078 Loaded shared library C:\Users\Adam\Desktop\projects\new_portfolio\qlearning\DQN-maze\neuralNetwork\nn\NeuralNetworkLib.dll

Deoptimization events (20 events):
Event: 192.996 Thread 0x0000022276ce0cb0 DEOPT PACKING pc=0x00000222102ac330 sp=0x00000057be0ff390
Event: 192.996 Thread 0x0000022276ce0cb0 DEOPT UNPACKING pc=0x000002220fe26482 sp=0x00000057be0ff2c0 mode 2
Event: 197.618 Thread 0x0000022276ce0cb0 DEOPT PACKING pc=0x00000222088c3acd sp=0x00000057be0ff430
Event: 197.618 Thread 0x0000022276ce0cb0 DEOPT UNPACKING pc=0x000002220fd65722 sp=0x00000057be0fe900 mode 0
Event: 202.133 Thread 0x0000022276ce0cb0 DEOPT PACKING pc=0x00000222088c3acd sp=0x00000057be0ff430
Event: 202.133 Thread 0x0000022276ce0cb0 DEOPT UNPACKING pc=0x000002220fd65722 sp=0x00000057be0fe900 mode 0
Event: 206.293 Thread 0x0000022276ce0cb0 DEOPT PACKING pc=0x00000222088c3acd sp=0x00000057be0ff430
Event: 206.293 Thread 0x0000022276ce0cb0 DEOPT UNPACKING pc=0x000002220fd65722 sp=0x00000057be0fe900 mode 0
Event: 206.624 Thread 0x0000022276ce0cb0 DEOPT PACKING pc=0x0000022208860326 sp=0x00000057be0fedc0
Event: 206.624 Thread 0x0000022276ce0cb0 DEOPT UNPACKING pc=0x000002220fd65722 sp=0x00000057be0fe1e8 mode 0
Event: 210.959 Thread 0x0000022276ce0cb0 DEOPT PACKING pc=0x00000222088c3acd sp=0x00000057be0ff430
Event: 210.959 Thread 0x0000022276ce0cb0 DEOPT UNPACKING pc=0x000002220fd65722 sp=0x00000057be0fe900 mode 0
Event: 215.164 Thread 0x0000022276ce0cb0 DEOPT PACKING pc=0x00000222088c3acd sp=0x00000057be0ff430
Event: 215.164 Thread 0x0000022276ce0cb0 DEOPT UNPACKING pc=0x000002220fd65722 sp=0x00000057be0fe900 mode 0
Event: 236.714 Thread 0x0000022276ce0cb0 DEOPT PACKING pc=0x0000022208826498 sp=0x00000057be0fee40
Event: 236.714 Thread 0x0000022276ce0cb0 DEOPT UNPACKING pc=0x000002220fd65722 sp=0x00000057be0fe2b0 mode 0
Event: 486.980 Thread 0x0000022276ce0cb0 Uncommon trap: trap_request=0xffffffcc fr.pc=0x00000222102fdc8c relative=0x0000000000006a2c
Event: 486.980 Thread 0x0000022276ce0cb0 Uncommon trap: reason=intrinsic_or_type_checked_inlining action=make_not_entrant pc=0x00000222102fdc8c method=java.util.ArrayList$SubList.toArray([Ljava/lang/Object;)[Ljava/lang/Object; @ 58 c2
Event: 486.980 Thread 0x0000022276ce0cb0 DEOPT PACKING pc=0x00000222102fdc8c sp=0x00000057be0ff360
Event: 486.980 Thread 0x0000022276ce0cb0 DEOPT UNPACKING pc=0x000002220fe26482 sp=0x00000057be0ff0c0 mode 2

Classes loaded (20 events):
Event: 0.063 Loading class java/util/LinkedList$Node
Event: 0.063 Loading class java/util/LinkedList$Node done
Event: 0.069 Loading class java/util/Formatter$FixedString
Event: 0.069 Loading class java/util/Formatter$FixedString done
Event: 0.145 Loading class java/io/BufferedReader
Event: 0.145 Loading class java/io/BufferedReader done
Event: 0.146 Loading class sun/nio/cs/StreamDecoder
Event: 0.146 Loading class sun/nio/cs/StreamDecoder done
Event: 0.146 Loading class sun/nio/cs/UTF_8$Decoder
Event: 0.146 Loading class sun/nio/cs/UTF_8$Decoder done
Event: 0.158 Loading class java/util/LinkedHashMap$LinkedKeySet
Event: 0.158 Loading class java/util/LinkedHashMap$LinkedKeySet done
Event: 0.158 Loading class java/util/LinkedHashMap$LinkedKeyIterator
Event: 0.158 Loading class java/util/LinkedHashMap$LinkedKeyIterator done
Event: 0.160 Loading class java/io/FileOutputStream$1
Event: 0.160 Loading class java/io/FileOutputStream$1 done
Event: 0.161 Loading class java/lang/Math$RandomNumberGeneratorHolder
Event: 0.161 Loading class java/lang/Math$RandomNumberGeneratorHolder done
Event: 283.531 Loading class java/lang/foreign/MemorySegment
Event: 283.532 Loading class java/lang/foreign/MemorySegment done

Classes unloaded (0 events):
No events

Classes redefined (0 events):
No events

Internal exceptions (1 events):
Event: 0.047 Thread 0x0000022276ce0cb0 Exception <a 'java/io/FileNotFoundException'{0x0000000715a183a8}> (0x0000000715a183a8) 
thrown [s\open\src\hotspot\share\prims\jni.cpp, line 518]

VM Operations (20 events):
Event: 421.076 Executing VM operation: HandshakeAllThreads (HandshakeForDeflation)
Event: 421.076 Executing VM operation: HandshakeAllThreads (HandshakeForDeflation) done
Event: 421.076 Executing VM operation: RendezvousGCThreads
Event: 421.076 Executing VM operation: RendezvousGCThreads done
Event: 481.266 Executing VM operation: HandshakeAllThreads (HandshakeForDeflation)
Event: 481.266 Executing VM operation: HandshakeAllThreads (HandshakeForDeflation) done
Event: 481.266 Executing VM operation: RendezvousGCThreads
Event: 481.266 Executing VM operation: RendezvousGCThreads done
Event: 541.391 Executing VM operation: HandshakeAllThreads (HandshakeForDeflation)
Event: 541.391 Executing VM operation: HandshakeAllThreads (HandshakeForDeflation) done
Event: 541.391 Executing VM operation: RendezvousGCThreads
Event: 541.391 Executing VM operation: RendezvousGCThreads done
Event: 601.525 Executing VM operation: HandshakeAllThreads (HandshakeForDeflation)
Event: 601.525 Executing VM operation: HandshakeAllThreads (HandshakeForDeflation) done
Event: 601.525 Executing VM operation: RendezvousGCThreads
Event: 601.525 Executing VM operation: RendezvousGCThreads done
Event: 661.658 Executing VM operation: HandshakeAllThreads (HandshakeForDeflation)
Event: 661.658 Executing VM operation: HandshakeAllThreads (HandshakeForDeflation) done
Event: 661.658 Executing VM operation: RendezvousGCThreads
Event: 661.658 Executing VM operation: RendezvousGCThreads done

Memory protections (0 events):
No events

Nmethod flushes (0 events):
No events

Events (11 events):
Event: 0.029 Thread 0x0000022276ce0cb0 Thread added: 0x0000022276ce0cb0
Event: 0.040 Thread 0x0000022276ce0cb0 Thread added: 0x000002227ec92ea0
Event: 0.040 Thread 0x0000022276ce0cb0 Thread added: 0x000002227ec93aa0
Event: 0.040 Thread 0x0000022276ce0cb0 Thread added: 0x000002227ec97940
Event: 0.040 Thread 0x0000022276ce0cb0 Thread added: 0x000002227ec98470
Event: 0.040 Thread 0x0000022276ce0cb0 Thread added: 0x000002227ec995b0
Event: 0.040 Thread 0x0000022276ce0cb0 Thread added: 0x000002227eca20f0
Event: 0.040 Thread 0x0000022276ce0cb0 Thread added: 0x000002227ecc8c50
Event: 0.041 Thread 0x0000022276ce0cb0 Thread added: 0x000002227eccb7e0
Event: 0.045 Thread 0x0000022276ce0cb0 Thread added: 0x00000222198432f0
Event: 0.049 Thread 0x0000022276ce0cb0 Thread added: 0x0000022219869240


Dynamic libraries:
0x00007ff7d9d10000 - 0x00007ff7d9d20000 	C:\Program Files\Java\jdk-24\bin\java.exe
0x00007ffc66010000 - 0x00007ffc66208000 	C:\WINDOWS\SYSTEM32\ntdll.dll
0x00007ffc65c10000 - 0x00007ffc65cd2000 	C:\WINDOWS\System32\KERNEL32.DLL
0x00007ffc636b0000 - 0x00007ffc639af000 	C:\WINDOWS\System32\KERNELBASE.dll
0x00007ffc63ca0000 - 0x00007ffc63da0000 	C:\WINDOWS\System32\ucrtbase.dll
0x00007ffc5d270000 - 0x00007ffc5d28b000 	C:\Program Files\Java\jdk-24\bin\VCRUNTIME140.dll
0x00007ffc5cb80000 - 0x00007ffc5cb96000 	C:\Program Files\Java\jdk-24\bin\jli.dll
0x00007ffc647a0000 - 0x00007ffc6493d000 	C:\WINDOWS\System32\USER32.dll
0x00007ffc63c70000 - 0x00007ffc63c92000 	C:\WINDOWS\System32\win32u.dll
0x00007ffc64b90000 - 0x00007ffc64bbb000 	C:\WINDOWS\System32\GDI32.dll
0x00007ffc63a00000 - 0x00007ffc63b1a000 	C:\WINDOWS\System32\gdi32full.dll
0x00007ffc4ab90000 - 0x00007ffc4ae2a000 	C:\WINDOWS\WinSxS\amd64_microsoft.windows.common-controls_6595b64144ccf1df_6.0.19041.4355_none_60b8b9eb71f62e16\COMCTL32.dll
0x00007ffc63bd0000 - 0x00007ffc63c6d000 	C:\WINDOWS\System32\msvcp_win.dll
0x00007ffc65ec0000 - 0x00007ffc65f5e000 	C:\WINDOWS\System32\msvcrt.dll
0x00007ffc64af0000 - 0x00007ffc64b1f000 	C:\WINDOWS\System32\IMM32.DLL
0x00007ffc54560000 - 0x00007ffc5456c000 	C:\Program Files\Java\jdk-24\bin\vcruntime140_1.dll
0x00007ffc25a90000 - 0x00007ffc25b1e000 	C:\Program Files\Java\jdk-24\bin\msvcp140.dll
0x00007ffbdadc0000 - 0x00007ffbdbb62000 	C:\Program Files\Java\jdk-24\bin\server\jvm.dll
0x00007ffc65b60000 - 0x00007ffc65c0f000 	C:\WINDOWS\System32\ADVAPI32.dll
0x00007ffc65ac0000 - 0x00007ffc65b5f000 	C:\WINDOWS\System32\sechost.dll
0x00007ffc64670000 - 0x00007ffc64793000 	C:\WINDOWS\System32\RPCRT4.dll
0x00007ffc63da0000 - 0x00007ffc63dc7000 	C:\WINDOWS\System32\bcrypt.dll
0x00007ffc64b20000 - 0x00007ffc64b8b000 	C:\WINDOWS\System32\WS2_32.dll
0x00007ffc630c0000 - 0x00007ffc6310b000 	C:\WINDOWS\SYSTEM32\POWRPROF.dll
0x00007ffc5b7e0000 - 0x00007ffc5b7ea000 	C:\WINDOWS\SYSTEM32\VERSION.dll
0x00007ffc4b5a0000 - 0x00007ffc4b5c7000 	C:\WINDOWS\SYSTEM32\WINMM.dll
0x00007ffc630a0000 - 0x00007ffc630b2000 	C:\WINDOWS\SYSTEM32\UMPDC.dll
0x00007ffc61e90000 - 0x00007ffc61ea2000 	C:\WINDOWS\SYSTEM32\kernel.appcore.dll
0x00007ffc4dab0000 - 0x00007ffc4daba000 	C:\Program Files\Java\jdk-24\bin\jimage.dll
0x00007ffc613d0000 - 0x00007ffc615b4000 	C:\WINDOWS\SYSTEM32\DBGHELP.DLL
0x00007ffc4a410000 - 0x00007ffc4a444000 	C:\WINDOWS\SYSTEM32\dbgcore.DLL
0x00007ffc63f30000 - 0x00007ffc63fb2000 	C:\WINDOWS\System32\bcryptPrimitives.dll
0x00007ffc4d8c0000 - 0x00007ffc4d8de000 	C:\Program Files\Java\jdk-24\bin\java.dll
0x00007ffc64950000 - 0x00007ffc64a7b000 	C:\WINDOWS\System32\ole32.dll
0x00007ffc64050000 - 0x00007ffc643a5000 	C:\WINDOWS\System32\combase.dll
0x00007ffc65040000 - 0x00007ffc657ad000 	C:\WINDOWS\System32\SHELL32.dll
0x00007ffc616d0000 - 0x00007ffc61e74000 	C:\WINDOWS\SYSTEM32\windows.storage.dll
0x00007ffc62f30000 - 0x00007ffc62f5b000 	C:\WINDOWS\SYSTEM32\Wldp.dll
0x00007ffc65df0000 - 0x00007ffc65ebd000 	C:\WINDOWS\System32\OLEAUT32.dll
0x00007ffc65ce0000 - 0x00007ffc65d8d000 	C:\WINDOWS\System32\SHCORE.dll
0x00007ffc643b0000 - 0x00007ffc64405000 	C:\WINDOWS\System32\shlwapi.dll
0x00007ffc635e0000 - 0x00007ffc63605000 	C:\WINDOWS\SYSTEM32\profapi.dll
0x00007ffc101a0000 - 0x00007ffc10277000 	C:\Program Files\Java\jdk-24\bin\jsvml.dll
0x00007ffc3ecd0000 - 0x00007ffc3ed20000 	C:\Users\Adam\Desktop\projects\new_portfolio\qlearning\DQN-maze\neuralNetwork\nn\NeuralNetworkLib.dll
0x00007ffc4d8a0000 - 0x00007ffc4d8b5000 	C:\msys64\ucrt64\bin\libwinpthread-1.dll
0x00007ffc27f20000 - 0x00007ffc27f4c000 	C:\msys64\ucrt64\bin\libgcc_s_seh-1.dll
0x00007ffc0ff50000 - 0x00007ffc101a0000 	C:\msys64\ucrt64\bin\libstdc++-6.dll
0x00007ffc62ea0000 - 0x00007ffc62eac000 	C:\WINDOWS\SYSTEM32\CRYPTBASE.DLL

dbghelp: loaded successfully - version: 4.0.5 - missing functions: none
symbol engine: initialized successfully - sym options: 0x614 - pdb path: .;C:\Program Files\Java\jdk-24\bin;C:\WINDOWS\SYSTEM32;C:\WINDOWS\WinSxS\amd64_microsoft.windows.common-controls_6595b64144ccf1df_6.0.19041.4355_none_60b8b9eb71f62e16;C:\Program Files\Java\jdk-24\bin\server;C:\Users\Adam\Desktop\projects\new_portfolio\qlearning\DQN-maze\neuralNetwork\nn;C:\msys64\ucrt64\bin

VM Arguments:
jvm_args: --enable-preview -XX:+ShowCodeDetailsInExceptionMessages 
java_command: dqnMazeGame
java_class_path (initial): C:\Users\Adam\AppData\Roaming\Code\User\workspaceStorage\d41cad8fcfabb1e6ef4b8742aa118185\redhat.java\jdt_ws\DQN-maze_1f966b92\bin
Launcher Type: SUN_STANDARD

[Global flags]
     intx CICompilerCount                          = 4                                         {product} {ergonomic}
     uint ConcGCThreads                            = 2                                         {product} {ergonomic}
     uint G1ConcRefinementThreads                  = 8                                         {product} {ergonomic}
   size_t G1HeapRegionSize                         = 2097152                                   {product} {ergonomic}
   size_t InitialHeapSize                          = 262144000                                 {product} {ergonomic}
   size_t MarkStackSize                            = 4194304                                   {product} {ergonomic}
   size_t MarkStackSizeMax                         = 536870912                                 {product} {ergonomic}
   size_t MaxHeapSize                              = 4192206848                                {product} {ergonomic}
   size_t MaxNewSize                               = 2514485248                                {product} {ergonomic}
   size_t MinHeapDeltaBytes                        = 2097152                                   {product} {ergonomic}
   size_t MinHeapSize                              = 8388608                                   {product} {ergonomic}
    uintx NonNMethodCodeHeapSize                   = 5832704                                {pd product} {ergonomic}
    uintx NonProfiledCodeHeapSize                  = 122945536                              {pd product} {ergonomic}
    uintx ProfiledCodeHeapSize                     = 122880000                              {pd product} {ergonomic}
    uintx ReservedCodeCacheSize                    = 251658240                              {pd product} {ergonomic}
     bool SegmentedCodeCache                       = true                                      {product} {ergonomic}
     bool ShowCodeDetailsInExceptionMessages       = true                                   {manageable} {command line}
   size_t SoftMaxHeapSize                          = 4192206848                             {manageable} {ergonomic}
     bool UseCompressedOops                        = true                           {product lp64_product} {ergonomic}
     bool UseG1GC                                  = true                                      {product} {ergonomic}
     bool UseLargePagesIndividualAllocation        = false                                  {pd product} {ergonomic}

Logging:
Log output configuration:
 #0: stdout all=warning uptime,level,tags foldmultilines=false
 #1: stderr all=off uptime,level,tags foldmultilines=false

Environment Variables:
PATH=C:\Users\Adam\Downloads\winlibs-x86_64-posix-seh-gcc-14.2.0-llvm-19.1.7-mingw-w64ucrt-12.0.0-r3\mingw64\bin;C:\Program Files\Common Files\Oracle\Java\javapath;C:\WINDOWS\system32;C:\WINDOWS;C:\WINDOWS\System32\Wbem;C:\WINDOWS\System32\WindowsPowerShell\v1.0\;C:\WINDOWS\System32\OpenSSH\;C:\Program Files\dotnet\;C:\Program Files\GitHub CLI\;C:\Program Files\Git\cmd;C:\Program Files\Microsoft Network Monitor 3\;C:\Program Files\nodejs\;C:\Program Files\Docker\Docker\resources\bin;C:\Program Files\Microsoft SQL Server\150\Tools\Binn\;C:\Program Files\Microsoft SQL Server\Client SDK\ODBC\170\Tools\Binn\;C:\Program Files (x86)\Windows Kits\10\Windows Performance Toolkit\;C:\Program Files\MySQL\MySQL Shell 8.0\bin\;C:\Users\Adam\AppData\Local\Programs\Python\Python311\Scripts\;C:\Users\Adam\AppData\Local\Programs\Python\Python311\;C:\Users\Adam\AppData\Local\Microsoft\WindowsApps;C:\Users\Adam\AppData\Local\Programs\Microsoft VS Code\bin;C:\Users\Adam\AppData\Roaming\npm;C:\Users\Adam\Desktop\dev\ffmpeg-2025-03-17-git-5b9356f18e-full_build\bin;C:\Users\Adam\Desktop\dev\vcpkg;C:\Users\Adam\Downloads\winlibs-x86_64-posix-seh-gcc-14.2.0-llvm-19.1.7-mingw-w64ucrt-12.0.0-r3\mingw64\bin;C:\Users\Adam\AppData\Local\Programs\Microsoft VS Code;C:\Users\Adam\.dotnet\tools;C:\msys64\ucrt64\bin\;C:\cygwin64\bin;
USERNAME=Adam
LANG=en_US.UTF-8
OS=Windows_NT
PROCESSOR_IDENTIFIER=Intel64 Family 6 Model 142 Stepping 12, GenuineIntel
TMP=C:\Users\Adam\AppData\Local\Temp
TEMP=C:\Users\Adam\AppData\Local\Temp




Periodic native trim disabled

---------------  S Y S T E M  ---------------

OS:
 Windows 10 , 64 bit Build 19041 (10.0.19041.5438)
OS uptime: 2 days 4:30 hours
Hyper-V role detected

CPU: total 8 (initial active 8) (4 cores per cpu, 2 threads per core) family 6 model 142 stepping 12 microcode 0xf4, cx8, cmov, fxsr, ht, mmx, 3dnowpref, sse, sse2, sse3, ssse3, sse4.1, sse4.2, popcnt, lzcnt, tsc, tscinvbit, avx, avx2, aes, erms, clmul, bmi1, bmi2, adx, fma, vzeroupper, clflush, clflushopt, hv, rdtscp, f16c
Processor Information for processor 0
  Max Mhz: 2208, Current Mhz: 1405, Mhz Limit: 1700
Processor Information for processor 1
  Max Mhz: 2208, Current Mhz: 1706, Mhz Limit: 1700
Processor Information for processor 2
  Max Mhz: 2208, Current Mhz: 1405, Mhz Limit: 1700
Processor Information for processor 3
  Max Mhz: 2208, Current Mhz: 1405, Mhz Limit: 1700
Processor Information for processor 4
  Max Mhz: 2208, Current Mhz: 1405, Mhz Limit: 1700
Processor Information for processor 5
  Max Mhz: 2208, Current Mhz: 1405, Mhz Limit: 1700
Processor Information for processor 6
  Max Mhz: 2208, Current Mhz: 1706, Mhz Limit: 1700
Processor Information for processor 7
  Max Mhz: 2208, Current Mhz: 1405, Mhz Limit: 1700

Memory: 4k page, system-wide physical 15984M (6505M free)
TotalPageFile size 18416M (AvailPageFile size 5528M)
current process WorkingSet (physical memory assigned to process): 160M, peak: 163M
current process commit charge ("private bytes"): 342M, peak: 373M

vm_info: Java HotSpot(TM) 64-Bit Server VM (24+36-3646) for windows-amd64 JRE (24+36-3646), built on 2025-02-06T00:20:43Z with MS VC++ 17.6 (VS2022)

END.
