#
# A fatal error has been detected by the Java Runtime Environment:
#
#  EXCEPTION_ACCESS_VIOLATION (0xc0000005) at pc=0x00007ffc3ece342c, pid=1224, tid=17716
#
# JRE version: Java(TM) SE Runtime Environment (24.0+36) (build 24+36-3646)
# Java VM: Java HotSpot(TM) 64-Bit Server VM (24+36-3646, mixed mode, sharing, tiered, compressed oops, compressed class ptrs, g1 gc, windows-amd64)
# Problematic frame:
# C  [NeuralNetworkLib.dll+0x1342c]
#
# No core dump will be written. Minidumps are not enabled by default on client versions of Windows
#
# If you would like to submit a bug report, please visit:
#   https://bugreport.java.com/bugreport/crash.jsp
# The crash happened outside the Java Virtual Machine in native code.
# See problematic frame for where to report the bug.
#

---------------  S U M M A R Y ------------

Command Line: --enable-preview -XX:+ShowCodeDetailsInExceptionMessages dqnMazeGame

Host: Intel(R) Core(TM) i5-10310U CPU @ 1.70GHz, 8 cores, 15G,  Windows 10 , 64 bit Build 19041 (10.0.19041.5438)
Time: Tue Apr  1 20:20:24 2025 Central Daylight Time elapsed time: 1491.413681 seconds (0d 0h 24m 51s)

---------------  T H R E A D  ---------------

Current thread (0x00000225e225fa10):  JavaThread "main"             [_thread_in_native, id=17716, stack(0x000000896fc00000,0x000000896fd00000) (1024K)]

Stack: [0x000000896fc00000,0x000000896fd00000],  sp=0x000000896fcfed40,  free space=1019k
Native frames: (J=compiled Java code, j=interpreted, Vv=VM code, C=native code)
C  [NeuralNetworkLib.dll+0x1342c]  (no source info available)
C  [NeuralNetworkLib.dll+0xc23c]  (no source info available)
C  [NeuralNetworkLib.dll+0x17688]  (no source info available)
C  [NeuralNetworkLib.dll+0xec76]  (no source info available)
C  [NeuralNetworkLib.dll+0x17760]  (no source info available)
C  [NeuralNetworkLib.dll+0x116a3]  (no source info available)
C  [NeuralNetworkLib.dll+0xba28]  (no source info available)
C  [NeuralNetworkLib.dll+0x2aae]  (no source info available)
C  [NeuralNetworkLib.dll+0x2ffe]  (no source info available)
C  0x00000225f49b4bfc  (no source info available)

The last pc belongs to native nmethod (printed below).
Java frames: (J=compiled Java code, j=interpreted, Vv=VM code)
J 721  neuralNetwork.NeuralNetworkWrapper.destroyNeuralNetwork(J)V (0 bytes) @ 0x00000225f49b4bc3 [0x00000225f49b4b80+0x0000000000000043]
j  neuralNetwork.NeuralNetwork.close()V+8
j  dqnMazeGame.dqn()V+72
j  dqnMazeGame.setup()V+24
j  dqnMazeGame.main()V+1
v  ~StubRoutines::call_stub 0x00000225f43a0fcd

siginfo: EXCEPTION_ACCESS_VIOLATION (0xc0000005), reading address 0xffffffffffffffff


Registers:
RAX=0x3fd99999999999f2, RBX=0x00000225c90872f0, RCX=0x3fd99999999999f2, RDX=0x3fd99999999999f2
RSP=0x000000896fcfed40, RBP=0x000000896fcfed80, RSI=0x000000000000000a, RDI=0x00000225c5416f60
R8 =0x0fc2000000000000, R9 =0x0000000000000001, R10=0x00000225f49b4bc3, R11=0x00000225f49b4b90
R12=0x0000000000000000, R13=0x000000896fcfefb0, R14=0x00000225c5417bf8, R15=0x00000225e225fa10
RIP=0x00007ffc3ece342c, EFLAGS=0x0000000000010202

XMM[0]=0x0000000000000000 0x0000000000000000
XMM[1]=0x0000000000000000 0x0000000000000000
XMM[2]=0x0000000000000000 0x0000000000000000
XMM[3]=0x0000000000000000 0x0000000000000000
XMM[4]=0x0000000000000000 0x0000000000000000
XMM[5]=0x0000000000000000 0x0000000000000000
XMM[6]=0x0000000000000000 0x0000000000000000
XMM[7]=0x0000000000000000 0x4018000000000000
XMM[8]=0x0000000000000000 0x0000000000000000
XMM[9]=0x0000000000000000 0x0000000000000000
XMM[10]=0x0000000000000000 0x3fc5555555555555
XMM[11]=0x0000000000000000 0x0000000100000000
XMM[12]=0x0000000000000000 0x0000000400000000
XMM[13]=0x0000000000000000 0x0000000100000003
XMM[14]=0x0000000000000000 0x0000000000000000
XMM[15]=0x0000000000000000 0x0000000000000000
  MXCSR=0x00001fa9


Register to memory mapping:

RAX=0x3fd99999999999f2 is an unknown value
RBX=0x00000225c90872f0 points into unknown readable memory: 0x3fd999999999999a | 9a 99 99 99 99 99 d9 3f
RCX=0x3fd99999999999f2 is an unknown value
RDX=0x3fd99999999999f2 is an unknown value
RSP=0x000000896fcfed40 is pointing into the stack for thread: 0x00000225e225fa10
RBP=0x000000896fcfed80 is pointing into the stack for thread: 0x00000225e225fa10
RSI=0x000000000000000a is an unknown value
RDI=0x00000225c5416f60 is pointing into metadata
R8 =0x0fc2000000000000 is an unknown value
R9 =0x0000000000000001 is an unknown value
R10=0x00000225f49b4bc3 is at entry_point+67 in (nmethod*)0x00000225f49b4a88
Compiled method (n/a) 1491638  721     n 0       neuralNetwork.NeuralNetworkWrapper::destroyNeuralNetwork (native)
 total in heap  [0x00000225f49b4a88,0x00000225f49b4cd0] = 584
 relocation     [0x00000225f49b4b60,0x00000225f49b4b70] = 16
 main code      [0x00000225f49b4b80,0x00000225f49b4cc2] = 322
 stub code      [0x00000225f49b4cc2,0x00000225f49b4cc8] = 6
 oops           [0x00000225f49b4cc8,0x00000225f49b4cd0] = 8
R11=0x00000225f49b4b90 is at entry_point+16 in (nmethod*)0x00000225f49b4a88
Compiled method (n/a) 1491638  721     n 0       neuralNetwork.NeuralNetworkWrapper::destroyNeuralNetwork (native)
 total in heap  [0x00000225f49b4a88,0x00000225f49b4cd0] = 584
 relocation     [0x00000225f49b4b60,0x00000225f49b4b70] = 16
 main code      [0x00000225f49b4b80,0x00000225f49b4cc2] = 322
 stub code      [0x00000225f49b4cc2,0x00000225f49b4cc8] = 6
 oops           [0x00000225f49b4cc8,0x00000225f49b4cd0] = 8
R12=0x0 is null
R13=0x000000896fcfefb0 is pointing into the stack for thread: 0x00000225e225fa10
R14=0x00000225c5417bf8 is pointing into metadata
R15=0x00000225e225fa10 is a thread

Top of Stack: (sp=0x000000896fcfed40)
0x000000896fcfed40:   3fd99999999999f2 0000000000000000   .......?........
0x000000896fcfed50:   0000000000000000 00007ffc3ece4fb8   .........O.>....
0x000000896fcfed60:   0000000000000000 00007ffc6603358a   .........5.f....
0x000000896fcfed70:   00000225c9087c50 000000000000000a   P|..%...........
0x000000896fcfed80:   000000896fcfedb0 00007ffc3ecdc23c   ...o....<..>....
0x000000896fcfed90:   3fd99999999999f2 00007ffc66035ba1   .......?.[.f....
0x000000896fcfeda0:   0000022584ca4fa6 0000000000000000   .O..%...........
0x000000896fcfedb0:   000000896fcfede0 00007ffc3ece7688   ...o.....v.>....
0x000000896fcfedc0:   3fd999999999999a 00007ffc3ecdee8a   .......?...>....
0x000000896fcfedd0:   000000896fcfee10 00007ffc3ecdfd40   ...o....@..>....
0x000000896fcfede0:   000000896fcfee10 00007ffc3ecdec76   ...o....v..>....
0x000000896fcfedf0:   3fd999999999999a 0000000000000008   .......?........
0x000000896fcfee00:   00000225e21f0000 00000225c9087308   ....%....s..%...
0x000000896fcfee10:   000000896fcfee40 00007ffc3ece7760   @..o....`w.>....
0x000000896fcfee20:   3fd999999999999a 0000000000000000   .......?........
0x000000896fcfee30:   0fc2000000000000 00000225c5417bf8   .........{A.%...
0x000000896fcfee40:   000000896fcfee90 00007ffc3ece16a3   ...o.......>....
0x000000896fcfee50:   3fd999999999999a 0000000000000000   .......?........
0x000000896fcfee60:   00000100ffffffff 00000225e2230000   ..........#.%...
0x000000896fcfee70:   000000896fcfeef0 00000225c90872f0   ...o.....r..%...
0x000000896fcfee80:   0000000000000000 3fd999999999999a   ...............?
0x000000896fcfee90:   000000896fcfeec0 00007ffc3ecdba28   ...o....(..>....
0x000000896fcfeea0:   00000225c90872f0 000000000000000a   .r..%...........
0x000000896fcfeeb0:   0000000400000009 000000070c400368   ........h.@.....
0x000000896fcfeec0:   000000896fcfeef0 00007ffc3ecd2aae   ...o.....*.>....
0x000000896fcfeed0:   00000225c90872f0 0000000700000000   .r..%...........
0x000000896fcfeee0:   0000000900000000 000000070c401790   ..........@.....
0x000000896fcfeef0:   000003e90000000a 00000225c540d100   ..........@.%...
0x000000896fcfef00:   000000896fcfef30 00007ffc3ecd2ffe   0..o...../.>....
0x000000896fcfef10:   00000225c90872f0 000000070c401760   .r..%...`.@.....
0x000000896fcfef20:   0000000900000003 000000070ead83b0   ................
0x000000896fcfef30:   000000896fcfefa0 00000225f49b4bfc   ...o.....K..%...

Instructions: (pc=0x00007ffc3ece342c)
  0x00007ffc3ece332c:   c1 e8 8e a9 ff ff 48 89 c3 48 8d 45 e0 48 89 c1
  0x00007ffc3ece333c:   e8 df a9 ff ff 48 89 c2 48 8b 45 20 41 89 f1 49
  0x00007ffc3ece334c:   89 d8 48 89 c1 e8 0a fb ff ff eb 1b 48 89 c3 48
  0x00007ffc3ece335c:   8b 45 20 48 89 c1 e8 79 c8 ff ff 48 89 d8 48 89
  0x00007ffc3ece336c:   c1 e8 3e 10 ff ff 90 48 83 c4 40 5b 5e 5d c3 90
  0x00007ffc3ece337c:   90 90 90 90 55 48 89 e5 48 83 ec 20 48 89 4d 10
  0x00007ffc3ece338c:   48 8b 45 10 48 89 c1 e8 c8 c7 ff ff 90 48 83 c4
  0x00007ffc3ece339c:   20 5d c3 90 55 53 48 83 ec 38 48 8d 6c 24 30 48
  0x00007ffc3ece33ac:   89 4d 20 48 89 55 28 4c 89 45 30 4c 89 4d 38 48
  0x00007ffc3ece33bc:   8b 45 20 48 8b 55 38 48 89 c1 e8 65 c7 ff ff 90
  0x00007ffc3ece33cc:   48 8b 55 28 48 8b 4d 30 48 8b 45 20 41 89 d9 49
  0x00007ffc3ece33dc:   89 c8 48 89 c1 e8 7a fa ff ff eb 1b 48 89 c3 48
  0x00007ffc3ece33ec:   8b 45 20 48 89 c1 e8 e9 c7 ff ff 48 89 d8 48 89
  0x00007ffc3ece33fc:   c1 e8 ae 0f ff ff 90 48 83 c4 38 5b 5d c3 90 90
  0x00007ffc3ece340c:   90 90 90 90 55 48 89 e5 48 83 ec 40 48 89 4d 10
  0x00007ffc3ece341c:   48 8b 45 10 48 89 c1 e8 c8 c6 ff ff 48 8b 55 10
=>0x00007ffc3ece342c:   48 8b 52 08 48 8b 4d 10 48 8b 09 48 89 4d f8 48
  0x00007ffc3ece343c:   89 55 f0 48 89 45 e8 48 8b 55 f0 48 8b 45 f8 48
  0x00007ffc3ece344c:   89 c1 e8 7d 43 00 00 90 48 8b 45 10 48 89 c1 e8
  0x00007ffc3ece345c:   80 c7 ff ff 90 48 83 c4 40 5d c3 90 90 90 90 90
  0x00007ffc3ece346c:   90 90 90 90 55 41 54 57 56 53 48 83 c4 80 48 8d
  0x00007ffc3ece347c:   ac 24 80 00 00 00 48 89 4d 30 48 89 55 38 48 8b
  0x00007ffc3ece348c:   45 38 48 89 c1 e8 fa 1e 00 00 48 39 45 30 0f 95
  0x00007ffc3ece349c:   c0 84 c0 0f 84 f4 02 00 00 b8 00 00 00 00 84 c0
  0x00007ffc3ece34ac:   0f 84 cd 00 00 00 b8 01 00 00 00 83 f0 01 84 c0
  0x00007ffc3ece34bc:   74 33 48 8b 45 38 48 89 c1 e8 b6 a7 ff ff 48 89
  0x00007ffc3ece34cc:   c3 48 8b 45 30 48 89 c1 e8 17 c6 ff ff 48 89 45
  0x00007ffc3ece34dc:   e8 48 89 5d e0 b8 00 00 00 00 84 c0 74 07 b8 01
  0x00007ffc3ece34ec:   00 00 00 eb 05 b8 00 00 00 00 84 c0 74 61 48 8b
  0x00007ffc3ece34fc:   45 30 48 89 c1 e8 7a fb ff ff 48 8b 45 30 48 8b
  0x00007ffc3ece350c:   55 30 48 8b 4a 10 48 8b 55 30 48 8b 12 48 29 d1
  0x00007ffc3ece351c:   48 c1 f9 03 48 89 ca 48 89 d1 48 8b 55 30 48 8b


Stack slot to memory mapping:

stack at sp + 0 slots: 0x3fd99999999999f2 is an unknown value
stack at sp + 1 slots: 0x0 is null
stack at sp + 2 slots: 0x0 is null
stack at sp + 3 slots: 0x00007ffc3ece4fb8 NeuralNetworkLib.dll
stack at sp + 4 slots: 0x0 is null
stack at sp + 5 slots: 0x00007ffc6603358a ntdll.dll
stack at sp + 6 slots: 0x00000225c9087c50 points into unknown readable memory: 0x00000225c9616640 | 40 66 61 c9 25 02 00 00
stack at sp + 7 slots: 0x000000000000000a is an unknown value

Lock stack of current Java thread (top to bottom):


Compiled method (n/a) 1491674  721     n 0       neuralNetwork.NeuralNetworkWrapper::destroyNeuralNetwork (native)
 total in heap  [0x00000225f49b4a88,0x00000225f49b4cd0] = 584
 relocation     [0x00000225f49b4b60,0x00000225f49b4b70] = 16
 main code      [0x00000225f49b4b80,0x00000225f49b4cc2] = 322
 stub code      [0x00000225f49b4cc2,0x00000225f49b4cc8] = 6
 oops           [0x00000225f49b4cc8,0x00000225f49b4cd0] = 8

[Constant Pool (empty)]

[MachCode]
[Entry Point]
  # {method} {0x00000225c540d108} 'destroyNeuralNetwork' '(J)V' in 'neuralNetwork/NeuralNetworkWrapper'
  # this:     rdx:rdx   = 'neuralNetwork/NeuralNetworkWrapper'
  # parm0:    r8:r8     = long
  #           [sp+0x70]  (sp of caller)
  0x00000225f49b4b80: 6690 448b | 5208 443b 

  0x00000225f49b4b88: ;   {runtime_call Shared Runtime ic_miss_blob}
  0x00000225f49b4b88: 5008 0f85 | d09b a3ff 
[Verified Entry Point]
  0x00000225f49b4b90: 8984 2400 | 80ff ff55 | 488b ec48 | 83ec 6090 | 4181 7f20 | 0100 0000 

  0x00000225f49b4ba8: ;   {runtime_call StubRoutines (final stubs)}
  0x00000225f49b4ba8: 7405 e851 | 0da2 ff48 | 8954 2420 | 4883 fa00 | 488d 5424 | 2048 0f44 | 5424 20c5 

  0x00000225f49b4bc4: ;   {internal_word}
  0x00000225f49b4bc4: f877 49ba | c34b 9bf4 | 2502 0000 | 4d89 97b0 | 0300 0049 | 89a7 a803 | 0000 498d | 8fc8 0300 
  0x00000225f49b4be4: 0041 c787 | 5404 0000 | 0400 0000 

  0x00000225f49b4bf0: ;   {runtime_call}
  0x00000225f49b4bf0: 48b8 de2f | cd3e fc7f | 0000 ffd0 | c5f8 7741 | c787 5404 | 0000 0500 | 0000 f083 | 4424 c000 
  0x00000225f49b4c10: 493b 6f28 | 0f87 0e00 | 0000 4183 | bf50 0400 | 0000 0f84 | 2300 0000 | c5f8 7749 | 8bcf 4c8b 
  0x00000225f49b4c30: e448 83ec | 2048 83e4 

  0x00000225f49b4c38: ;   {runtime_call}
  0x00000225f49b4c38: f048 b8c0 | ba1e dbfb | 7f00 00ff | d049 8be4 | 4d33 e441 | c787 5404 | 0000 0800 | 0000 4183 
  0x00000225f49b4c58: bfd0 0400 | 0002 0f84 | 3c00 0000 | 49c7 87a8 | 0300 0000 | 0000 0049 | c787 b003 | 0000 0000 
  0x00000225f49b4c78: 0000 c5f8 | 7749 8b8f | 3804 0000 | c781 0001 | 0000 0000 | 0000 c949 | 837f 0800 | 0f85 0100 
  0x00000225f49b4c98: ;   {runtime_call StubRoutines (initial stubs)}
  0x00000225f49b4c98: 0000 c3e9 | 20c2 9eff | c5f8 774c | 8be4 4883 | ec20 4883 

  0x00000225f49b4cac: ;   {runtime_call}
  0x00000225f49b4cac: e4f0 48b8 | 6058 56db | fb7f 0000 | ffd0 498b | e44d 33e4 | eba2 f4f4 | f4f4 f4f4 
[/MachCode]


---------------  P R O C E S S  ---------------

Threads class SMR info:
_java_thread_list=0x00000225c9033840, length=11, elements={
0x00000225e225fa10, 0x00000225ffb83480, 0x00000225ffb83f80, 0x00000225ffb89be0,
0x00000225ffb8aa60, 0x00000225ffb8b590, 0x00000225ffb8c0c0, 0x00000225ffb8cf20,
0x00000225ffb8fab0, 0x00000225c9025470, 0x00000225c903fe90
}

Java Threads: ( => current thread )
=>0x00000225e225fa10 JavaThread "main"                              [_thread_in_native, id=17716, stack(0x000000896fc00000,0x000000896fd00000) (1024K)]
  0x00000225ffb83480 JavaThread "Reference Handler"          daemon [_thread_blocked, id=452, stack(0x0000008970400000,0x0000008970500000) (1024K)]
  0x00000225ffb83f80 JavaThread "Finalizer"                  daemon [_thread_blocked, id=6660, stack(0x0000008970500000,0x0000008970600000) (1024K)]
  0x00000225ffb89be0 JavaThread "Signal Dispatcher"          daemon [_thread_blocked, id=12080, stack(0x0000008970600000,0x0000008970700000) (1024K)]
  0x00000225ffb8aa60 JavaThread "Attach Listener"            daemon [_thread_blocked, id=14236, stack(0x0000008970700000,0x0000008970800000) (1024K)]
  0x00000225ffb8b590 JavaThread "Service Thread"             daemon [_thread_blocked, id=6336, stack(0x0000008970800000,0x0000008970900000) (1024K)]
  0x00000225ffb8c0c0 JavaThread "Monitor Deflation Thread"   daemon [_thread_blocked, id=9952, stack(0x0000008970900000,0x0000008970a00000) (1024K)]
  0x00000225ffb8cf20 JavaThread "C2 CompilerThread0"         daemon [_thread_blocked, id=13708, stack(0x0000008970a00000,0x0000008970b00000) (1024K)]
  0x00000225ffb8fab0 JavaThread "C1 CompilerThread0"         daemon [_thread_blocked, id=7344, stack(0x0000008970b00000,0x0000008970c00000) (1024K)]
  0x00000225c9025470 JavaThread "Notification Thread"        daemon [_thread_blocked, id=8108, stack(0x0000008970c00000,0x0000008970d00000) (1024K)]
  0x00000225c903fe90 JavaThread "Common-Cleaner"             daemon [_thread_blocked, id=6636, stack(0x0000008970d00000,0x0000008970e00000) (1024K)]
Total: 11

Other Threads:
  0x00000225ffb72c10 VMThread "VM Thread"                           [id=7932, stack(0x0000008970300000,0x0000008970400000) (1024K)]
  0x00000225ffb62c00 WatcherThread "VM Periodic Task Thread"        [id=13348, stack(0x0000008970200000,0x0000008970300000) (1024K)]
  0x00000225e4627ff0 WorkerThread "GC Thread#0"                     [id=18396, stack(0x000000896fd00000,0x000000896fe00000) (1024K)]
  0x00000225c932e000 WorkerThread "GC Thread#1"                     [id=13880, stack(0x000000896f900000,0x000000896fa00000) (1024K)]
  0x00000225c9329030 WorkerThread "GC Thread#2"                     [id=14504, stack(0x000000896fa00000,0x000000896fb00000) (1024K)]
  0x00000225c907f900 WorkerThread "GC Thread#3"                     [id=5240, stack(0x000000896fb00000,0x000000896fc00000) (1024K)]
  0x00000225c907fcb0 WorkerThread "GC Thread#4"                     [id=7868, stack(0x0000008970e00000,0x0000008970f00000) (1024K)]
  0x00000225c9080460 WorkerThread "GC Thread#5"                     [id=16268, stack(0x0000008970f00000,0x0000008971000000) (1024K)]
  0x00000225e463ca00 ConcurrentGCThread "G1 Main Marker"            [id=6964, stack(0x000000896fe00000,0x000000896ff00000) (1024K)]
  0x00000225e463dcb0 WorkerThread "G1 Conc#0"                       [id=9940, stack(0x000000896ff00000,0x0000008970000000) (1024K)]
  0x00000225ffa291a0 ConcurrentGCThread "G1 Refine#0"               [id=14772, stack(0x0000008970000000,0x0000008970100000) (1024K)]
  0x00000225ffa29f40 ConcurrentGCThread "G1 Service"                [id=16792, stack(0x0000008970100000,0x0000008970200000) (1024K)]
Total: 12

Threads with active compile tasks:
Total: 0

VM state: not at safepoint (normal execution)

VM Mutex/Monitor currently owned by a thread: None

Heap address: 0x0000000706200000, size: 3998 MB, Compressed Oops mode: Zero based, Oop shift amount: 3

CDS archive(s) mapped at: [0x0000022584000000-0x0000022584d40000-0x0000022584d40000), size 13893632, SharedBaseAddress: 0x0000022584000000, ArchiveRelocationMode: 1.
Compressed class space mapped at: 0x0000022585000000-0x00000225c5000000, reserved size: 1073741824
UseCompressedClassPointers 1, UseCompactObjectHeaders 0
Narrow klass pointer bits 32, Max shift 3
Narrow klass base: 0x0000022584000000, Narrow klass shift: 0
Encoding Range: [0x0000022584000000 - 0x0000022684000000), (4294967296 bytes)
Klass Range:    [0x0000022584000000 - 0x00000225c5000000), (1090519040 bytes)
Klass ID Range:  [8 - 1090519033) (1090519025)

GC Precious Log:
 CardTable entry size: 512
 Card Set container configuration: InlinePtr #cards 4 size 8 Array Of Cards #cards 16 size 48 Howl #buckets 8 coarsen threshold 3686 Howl Bitmap #cards 512 size 80 coarsen threshold 460 Card regions per heap region 1 cards per card region 4096
 CPUs: 8 total, 8 available
 Memory: 15984M
 Large Page Support: Disabled
 NUMA Support: Disabled
 Compressed Oops: Enabled (Zero based)
 Heap Region Size: 2M
 Heap Min Capacity: 8M
 Heap Initial Capacity: 250M
 Heap Max Capacity: 3998M
 Pre-touch: Disabled
 Parallel Workers: 8
 Concurrent Workers: 2
 Concurrent Refinement Workers: 8
 Periodic GC: Disabled

Heap:
 garbage-first heap   total reserved 4093952K, committed 258048K, used 116113K [0x0000000706200000, 0x0000000800000000)
  region size 2048K, 58 young (118784K), 1 survivors (2048K)
 Metaspace       used 747K, committed 896K, reserved 1114112K
  class space    used 33K, committed 128K, reserved 1048576K

Heap Regions: E=young(eden), S=young(survivor), O=old, HS=humongous(starts), HC=humongous(continues), CS=collection set, F=free, TAMS=top-at-mark-start, PB=parsable bottom
|   0|0x0000000706200000, 0x0000000706200000, 0x0000000706400000|  0%| F|  |TAMS 0x0000000706200000| PB 0x0000000706200000| Untracked |  0
|   1|0x0000000706400000, 0x0000000706400000, 0x0000000706600000|  0%| F|  |TAMS 0x0000000706400000| PB 0x0000000706400000| Untracked |  0
|   2|0x0000000706600000, 0x0000000706600000, 0x0000000706800000|  0%| F|  |TAMS 0x0000000706600000| PB 0x0000000706600000| Untracked |  0
|   3|0x0000000706800000, 0x0000000706800000, 0x0000000706a00000|  0%| F|  |TAMS 0x0000000706800000| PB 0x0000000706800000| Untracked |  0
|   4|0x0000000706a00000, 0x0000000706a00000, 0x0000000706c00000|  0%| F|  |TAMS 0x0000000706a00000| PB 0x0000000706a00000| Untracked |  0
|   5|0x0000000706c00000, 0x0000000706c00000, 0x0000000706e00000|  0%| F|  |TAMS 0x0000000706c00000| PB 0x0000000706c00000| Untracked |  0
|   6|0x0000000706e00000, 0x0000000706e00000, 0x0000000707000000|  0%| F|  |TAMS 0x0000000706e00000| PB 0x0000000706e00000| Untracked |  0
|   7|0x0000000707000000, 0x0000000707000000, 0x0000000707200000|  0%| F|  |TAMS 0x0000000707000000| PB 0x0000000707000000| Untracked |  0
|   8|0x0000000707200000, 0x0000000707200000, 0x0000000707400000|  0%| F|  |TAMS 0x0000000707200000| PB 0x0000000707200000| Untracked |  0
|   9|0x0000000707400000, 0x0000000707400000, 0x0000000707600000|  0%| F|  |TAMS 0x0000000707400000| PB 0x0000000707400000| Untracked |  0
|  10|0x0000000707600000, 0x0000000707600000, 0x0000000707800000|  0%| F|  |TAMS 0x0000000707600000| PB 0x0000000707600000| Untracked |  0
|  11|0x0000000707800000, 0x0000000707800000, 0x0000000707a00000|  0%| F|  |TAMS 0x0000000707800000| PB 0x0000000707800000| Untracked |  0
|  12|0x0000000707a00000, 0x0000000707a00000, 0x0000000707c00000|  0%| F|  |TAMS 0x0000000707a00000| PB 0x0000000707a00000| Untracked |  0
|  13|0x0000000707c00000, 0x0000000707c00000, 0x0000000707e00000|  0%| F|  |TAMS 0x0000000707c00000| PB 0x0000000707c00000| Untracked |  0
|  14|0x0000000707e00000, 0x0000000707e00000, 0x0000000708000000|  0%| F|  |TAMS 0x0000000707e00000| PB 0x0000000707e00000| Untracked |  0
|  15|0x0000000708000000, 0x0000000708000000, 0x0000000708200000|  0%| F|  |TAMS 0x0000000708000000| PB 0x0000000708000000| Untracked |  0
|  16|0x0000000708200000, 0x0000000708200000, 0x0000000708400000|  0%| F|  |TAMS 0x0000000708200000| PB 0x0000000708200000| Untracked |  0
|  17|0x0000000708400000, 0x0000000708400000, 0x0000000708600000|  0%| F|  |TAMS 0x0000000708400000| PB 0x0000000708400000| Untracked |  0
|  18|0x0000000708600000, 0x0000000708600000, 0x0000000708800000|  0%| F|  |TAMS 0x0000000708600000| PB 0x0000000708600000| Untracked |  0
|  19|0x0000000708800000, 0x0000000708800000, 0x0000000708a00000|  0%| F|  |TAMS 0x0000000708800000| PB 0x0000000708800000| Untracked |  0
|  20|0x0000000708a00000, 0x0000000708a00000, 0x0000000708c00000|  0%| F|  |TAMS 0x0000000708a00000| PB 0x0000000708a00000| Untracked |  0
|  21|0x0000000708c00000, 0x0000000708c00000, 0x0000000708e00000|  0%| F|  |TAMS 0x0000000708c00000| PB 0x0000000708c00000| Untracked |  0
|  22|0x0000000708e00000, 0x0000000708e00000, 0x0000000709000000|  0%| F|  |TAMS 0x0000000708e00000| PB 0x0000000708e00000| Untracked |  0
|  23|0x0000000709000000, 0x0000000709000000, 0x0000000709200000|  0%| F|  |TAMS 0x0000000709000000| PB 0x0000000709000000| Untracked |  0
|  24|0x0000000709200000, 0x0000000709200000, 0x0000000709400000|  0%| F|  |TAMS 0x0000000709200000| PB 0x0000000709200000| Untracked |  0
|  25|0x0000000709400000, 0x0000000709400000, 0x0000000709600000|  0%| F|  |TAMS 0x0000000709400000| PB 0x0000000709400000| Untracked |  0
|  26|0x0000000709600000, 0x0000000709600000, 0x0000000709800000|  0%| F|  |TAMS 0x0000000709600000| PB 0x0000000709600000| Untracked |  0
|  27|0x0000000709800000, 0x0000000709800000, 0x0000000709a00000|  0%| F|  |TAMS 0x0000000709800000| PB 0x0000000709800000| Untracked |  0
|  28|0x0000000709a00000, 0x0000000709a00000, 0x0000000709c00000|  0%| F|  |TAMS 0x0000000709a00000| PB 0x0000000709a00000| Untracked |  0
|  29|0x0000000709c00000, 0x0000000709c00000, 0x0000000709e00000|  0%| F|  |TAMS 0x0000000709c00000| PB 0x0000000709c00000| Untracked |  0
|  30|0x0000000709e00000, 0x0000000709e00000, 0x000000070a000000|  0%| F|  |TAMS 0x0000000709e00000| PB 0x0000000709e00000| Untracked |  0
|  31|0x000000070a000000, 0x000000070a000000, 0x000000070a200000|  0%| F|  |TAMS 0x000000070a000000| PB 0x000000070a000000| Untracked |  0
|  32|0x000000070a200000, 0x000000070a200000, 0x000000070a400000|  0%| F|  |TAMS 0x000000070a200000| PB 0x000000070a200000| Untracked |  0
|  33|0x000000070a400000, 0x000000070a400000, 0x000000070a600000|  0%| F|  |TAMS 0x000000070a400000| PB 0x000000070a400000| Untracked |  0
|  34|0x000000070a600000, 0x000000070a600000, 0x000000070a800000|  0%| F|  |TAMS 0x000000070a600000| PB 0x000000070a600000| Untracked |  0
|  35|0x000000070a800000, 0x000000070a800000, 0x000000070aa00000|  0%| F|  |TAMS 0x000000070a800000| PB 0x000000070a800000| Untracked |  0
|  36|0x000000070aa00000, 0x000000070aa00000, 0x000000070ac00000|  0%| F|  |TAMS 0x000000070aa00000| PB 0x000000070aa00000| Untracked |  0
|  37|0x000000070ac00000, 0x000000070ac00000, 0x000000070ae00000|  0%| F|  |TAMS 0x000000070ac00000| PB 0x000000070ac00000| Untracked |  0
|  38|0x000000070ae00000, 0x000000070ae00000, 0x000000070b000000|  0%| F|  |TAMS 0x000000070ae00000| PB 0x000000070ae00000| Untracked |  0
|  39|0x000000070b000000, 0x000000070b000000, 0x000000070b200000|  0%| F|  |TAMS 0x000000070b000000| PB 0x000000070b000000| Untracked |  0
|  40|0x000000070b200000, 0x000000070b200000, 0x000000070b400000|  0%| F|  |TAMS 0x000000070b200000| PB 0x000000070b200000| Untracked |  0
|  41|0x000000070b400000, 0x000000070b400000, 0x000000070b600000|  0%| F|  |TAMS 0x000000070b400000| PB 0x000000070b400000| Untracked |  0
|  42|0x000000070b600000, 0x000000070b600000, 0x000000070b800000|  0%| F|  |TAMS 0x000000070b600000| PB 0x000000070b600000| Untracked |  0
|  43|0x000000070b800000, 0x000000070b800000, 0x000000070ba00000|  0%| F|  |TAMS 0x000000070b800000| PB 0x000000070b800000| Untracked |  0
|  44|0x000000070ba00000, 0x000000070ba00000, 0x000000070bc00000|  0%| F|  |TAMS 0x000000070ba00000| PB 0x000000070ba00000| Untracked |  0
|  45|0x000000070bc00000, 0x000000070bc00000, 0x000000070be00000|  0%| F|  |TAMS 0x000000070bc00000| PB 0x000000070bc00000| Untracked |  0
|  46|0x000000070be00000, 0x000000070be00000, 0x000000070c000000|  0%| F|  |TAMS 0x000000070be00000| PB 0x000000070be00000| Untracked |  0
|  47|0x000000070c000000, 0x000000070c000000, 0x000000070c200000|  0%| F|  |TAMS 0x000000070c000000| PB 0x000000070c000000| Untracked |  0
|  48|0x000000070c200000, 0x000000070c200000, 0x000000070c400000|  0%| F|  |TAMS 0x000000070c200000| PB 0x000000070c200000| Untracked |  0
|  49|0x000000070c400000, 0x000000070c4473f0, 0x000000070c600000| 13%| S|CS|TAMS 0x000000070c400000| PB 0x000000070c400000| Complete |  0
|  50|0x000000070c600000, 0x000000070c600000, 0x000000070c800000|  0%| F|  |TAMS 0x000000070c600000| PB 0x000000070c600000| Untracked |  0
|  51|0x000000070c800000, 0x000000070c800000, 0x000000070ca00000|  0%| F|  |TAMS 0x000000070c800000| PB 0x000000070c800000| Untracked |  0
|  52|0x000000070ca00000, 0x000000070ca00000, 0x000000070cc00000|  0%| F|  |TAMS 0x000000070ca00000| PB 0x000000070ca00000| Untracked |  0
|  53|0x000000070cc00000, 0x000000070cc00000, 0x000000070ce00000|  0%| F|  |TAMS 0x000000070cc00000| PB 0x000000070cc00000| Untracked |  0
|  54|0x000000070ce00000, 0x000000070ce00000, 0x000000070d000000|  0%| F|  |TAMS 0x000000070ce00000| PB 0x000000070ce00000| Untracked |  0
|  55|0x000000070d000000, 0x000000070d000000, 0x000000070d200000|  0%| F|  |TAMS 0x000000070d000000| PB 0x000000070d000000| Untracked |  0
|  56|0x000000070d200000, 0x000000070d200000, 0x000000070d400000|  0%| F|  |TAMS 0x000000070d200000| PB 0x000000070d200000| Untracked |  0
|  57|0x000000070d400000, 0x000000070d400000, 0x000000070d600000|  0%| F|  |TAMS 0x000000070d400000| PB 0x000000070d400000| Untracked |  0
|  58|0x000000070d600000, 0x000000070d600000, 0x000000070d800000|  0%| F|  |TAMS 0x000000070d600000| PB 0x000000070d600000| Untracked |  0
|  59|0x000000070d800000, 0x000000070d800000, 0x000000070da00000|  0%| F|  |TAMS 0x000000070d800000| PB 0x000000070d800000| Untracked |  0
|  60|0x000000070da00000, 0x000000070da00000, 0x000000070dc00000|  0%| F|  |TAMS 0x000000070da00000| PB 0x000000070da00000| Untracked |  0
|  61|0x000000070dc00000, 0x000000070dc00000, 0x000000070de00000|  0%| F|  |TAMS 0x000000070dc00000| PB 0x000000070dc00000| Untracked |  0
|  62|0x000000070de00000, 0x000000070de00000, 0x000000070e000000|  0%| F|  |TAMS 0x000000070de00000| PB 0x000000070de00000| Untracked |  0
|  63|0x000000070e000000, 0x000000070e000000, 0x000000070e200000|  0%| F|  |TAMS 0x000000070e000000| PB 0x000000070e000000| Untracked |  0
|  64|0x000000070e200000, 0x000000070e200000, 0x000000070e400000|  0%| F|  |TAMS 0x000000070e200000| PB 0x000000070e200000| Untracked |  0
|  65|0x000000070e400000, 0x000000070e400000, 0x000000070e600000|  0%| F|  |TAMS 0x000000070e400000| PB 0x000000070e400000| Untracked |  0
|  66|0x000000070e600000, 0x000000070e600000, 0x000000070e800000|  0%| F|  |TAMS 0x000000070e600000| PB 0x000000070e600000| Untracked |  0
|  67|0x000000070e800000, 0x000000070e800000, 0x000000070ea00000|  0%| F|  |TAMS 0x000000070e800000| PB 0x000000070e800000| Untracked |  0
|  68|0x000000070ea00000, 0x000000070eb00000, 0x000000070ec00000| 50%| E|  |TAMS 0x000000070ea00000| PB 0x000000070ea00000| Complete |  0
|  69|0x000000070ec00000, 0x000000070ee00000, 0x000000070ee00000|100%| E|CS|TAMS 0x000000070ec00000| PB 0x000000070ec00000| Complete |  0
|  70|0x000000070ee00000, 0x000000070f000000, 0x000000070f000000|100%| E|CS|TAMS 0x000000070ee00000| PB 0x000000070ee00000| Complete |  0
|  71|0x000000070f000000, 0x000000070f200000, 0x000000070f200000|100%| E|CS|TAMS 0x000000070f000000| PB 0x000000070f000000| Complete |  0
|  72|0x000000070f200000, 0x000000070f400000, 0x000000070f400000|100%| E|CS|TAMS 0x000000070f200000| PB 0x000000070f200000| Complete |  0
|  73|0x000000070f400000, 0x000000070f600000, 0x000000070f600000|100%| E|CS|TAMS 0x000000070f400000| PB 0x000000070f400000| Complete |  0
|  74|0x000000070f600000, 0x000000070f800000, 0x000000070f800000|100%| E|CS|TAMS 0x000000070f600000| PB 0x000000070f600000| Complete |  0
|  75|0x000000070f800000, 0x000000070fa00000, 0x000000070fa00000|100%| E|CS|TAMS 0x000000070f800000| PB 0x000000070f800000| Complete |  0
|  76|0x000000070fa00000, 0x000000070fc00000, 0x000000070fc00000|100%| E|CS|TAMS 0x000000070fa00000| PB 0x000000070fa00000| Complete |  0
|  77|0x000000070fc00000, 0x000000070fe00000, 0x000000070fe00000|100%| E|CS|TAMS 0x000000070fc00000| PB 0x000000070fc00000| Complete |  0
|  78|0x000000070fe00000, 0x0000000710000000, 0x0000000710000000|100%| E|CS|TAMS 0x000000070fe00000| PB 0x000000070fe00000| Complete |  0
|  79|0x0000000710000000, 0x0000000710200000, 0x0000000710200000|100%| E|CS|TAMS 0x0000000710000000| PB 0x0000000710000000| Complete |  0
|  80|0x0000000710200000, 0x0000000710400000, 0x0000000710400000|100%| E|CS|TAMS 0x0000000710200000| PB 0x0000000710200000| Complete |  0
|  81|0x0000000710400000, 0x0000000710600000, 0x0000000710600000|100%| E|CS|TAMS 0x0000000710400000| PB 0x0000000710400000| Complete |  0
|  82|0x0000000710600000, 0x0000000710800000, 0x0000000710800000|100%| E|CS|TAMS 0x0000000710600000| PB 0x0000000710600000| Complete |  0
|  83|0x0000000710800000, 0x0000000710a00000, 0x0000000710a00000|100%| E|CS|TAMS 0x0000000710800000| PB 0x0000000710800000| Complete |  0
|  84|0x0000000710a00000, 0x0000000710c00000, 0x0000000710c00000|100%| E|CS|TAMS 0x0000000710a00000| PB 0x0000000710a00000| Complete |  0
|  85|0x0000000710c00000, 0x0000000710e00000, 0x0000000710e00000|100%| E|CS|TAMS 0x0000000710c00000| PB 0x0000000710c00000| Complete |  0
|  86|0x0000000710e00000, 0x0000000711000000, 0x0000000711000000|100%| E|CS|TAMS 0x0000000710e00000| PB 0x0000000710e00000| Complete |  0
|  87|0x0000000711000000, 0x0000000711200000, 0x0000000711200000|100%| E|CS|TAMS 0x0000000711000000| PB 0x0000000711000000| Complete |  0
|  88|0x0000000711200000, 0x0000000711400000, 0x0000000711400000|100%| E|CS|TAMS 0x0000000711200000| PB 0x0000000711200000| Complete |  0
|  89|0x0000000711400000, 0x0000000711600000, 0x0000000711600000|100%| E|CS|TAMS 0x0000000711400000| PB 0x0000000711400000| Complete |  0
|  90|0x0000000711600000, 0x0000000711800000, 0x0000000711800000|100%| E|CS|TAMS 0x0000000711600000| PB 0x0000000711600000| Complete |  0
|  91|0x0000000711800000, 0x0000000711a00000, 0x0000000711a00000|100%| E|CS|TAMS 0x0000000711800000| PB 0x0000000711800000| Complete |  0
|  92|0x0000000711a00000, 0x0000000711c00000, 0x0000000711c00000|100%| E|CS|TAMS 0x0000000711a00000| PB 0x0000000711a00000| Complete |  0
|  93|0x0000000711c00000, 0x0000000711e00000, 0x0000000711e00000|100%| E|CS|TAMS 0x0000000711c00000| PB 0x0000000711c00000| Complete |  0
|  94|0x0000000711e00000, 0x0000000712000000, 0x0000000712000000|100%| E|CS|TAMS 0x0000000711e00000| PB 0x0000000711e00000| Complete |  0
|  95|0x0000000712000000, 0x0000000712200000, 0x0000000712200000|100%| E|CS|TAMS 0x0000000712000000| PB 0x0000000712000000| Complete |  0
|  96|0x0000000712200000, 0x0000000712400000, 0x0000000712400000|100%| E|CS|TAMS 0x0000000712200000| PB 0x0000000712200000| Complete |  0
|  97|0x0000000712400000, 0x0000000712600000, 0x0000000712600000|100%| E|CS|TAMS 0x0000000712400000| PB 0x0000000712400000| Complete |  0
|  98|0x0000000712600000, 0x0000000712800000, 0x0000000712800000|100%| E|CS|TAMS 0x0000000712600000| PB 0x0000000712600000| Complete |  0
|  99|0x0000000712800000, 0x0000000712a00000, 0x0000000712a00000|100%| E|CS|TAMS 0x0000000712800000| PB 0x0000000712800000| Complete |  0
| 100|0x0000000712a00000, 0x0000000712c00000, 0x0000000712c00000|100%| E|CS|TAMS 0x0000000712a00000| PB 0x0000000712a00000| Complete |  0
| 101|0x0000000712c00000, 0x0000000712e00000, 0x0000000712e00000|100%| E|CS|TAMS 0x0000000712c00000| PB 0x0000000712c00000| Complete |  0
| 102|0x0000000712e00000, 0x0000000713000000, 0x0000000713000000|100%| E|CS|TAMS 0x0000000712e00000| PB 0x0000000712e00000| Complete |  0
| 103|0x0000000713000000, 0x0000000713200000, 0x0000000713200000|100%| E|CS|TAMS 0x0000000713000000| PB 0x0000000713000000| Complete |  0
| 104|0x0000000713200000, 0x0000000713400000, 0x0000000713400000|100%| E|CS|TAMS 0x0000000713200000| PB 0x0000000713200000| Complete |  0
| 105|0x0000000713400000, 0x0000000713600000, 0x0000000713600000|100%| E|CS|TAMS 0x0000000713400000| PB 0x0000000713400000| Complete |  0
| 106|0x0000000713600000, 0x0000000713800000, 0x0000000713800000|100%| E|CS|TAMS 0x0000000713600000| PB 0x0000000713600000| Complete |  0
| 107|0x0000000713800000, 0x0000000713a00000, 0x0000000713a00000|100%| E|CS|TAMS 0x0000000713800000| PB 0x0000000713800000| Complete |  0
| 108|0x0000000713a00000, 0x0000000713c00000, 0x0000000713c00000|100%| E|CS|TAMS 0x0000000713a00000| PB 0x0000000713a00000| Complete |  0
| 109|0x0000000713c00000, 0x0000000713e00000, 0x0000000713e00000|100%| E|CS|TAMS 0x0000000713c00000| PB 0x0000000713c00000| Complete |  0
| 110|0x0000000713e00000, 0x0000000714000000, 0x0000000714000000|100%| E|CS|TAMS 0x0000000713e00000| PB 0x0000000713e00000| Complete |  0
| 111|0x0000000714000000, 0x0000000714200000, 0x0000000714200000|100%| E|CS|TAMS 0x0000000714000000| PB 0x0000000714000000| Complete |  0
| 112|0x0000000714200000, 0x0000000714400000, 0x0000000714400000|100%| E|CS|TAMS 0x0000000714200000| PB 0x0000000714200000| Complete |  0
| 113|0x0000000714400000, 0x0000000714600000, 0x0000000714600000|100%| E|CS|TAMS 0x0000000714400000| PB 0x0000000714400000| Complete |  0
| 114|0x0000000714600000, 0x0000000714800000, 0x0000000714800000|100%| E|CS|TAMS 0x0000000714600000| PB 0x0000000714600000| Complete |  0
| 115|0x0000000714800000, 0x0000000714a00000, 0x0000000714a00000|100%| E|CS|TAMS 0x0000000714800000| PB 0x0000000714800000| Complete |  0
| 116|0x0000000714a00000, 0x0000000714c00000, 0x0000000714c00000|100%| E|CS|TAMS 0x0000000714a00000| PB 0x0000000714a00000| Complete |  0
| 117|0x0000000714c00000, 0x0000000714e00000, 0x0000000714e00000|100%| E|CS|TAMS 0x0000000714c00000| PB 0x0000000714c00000| Complete |  0
| 118|0x0000000714e00000, 0x0000000715000000, 0x0000000715000000|100%| E|CS|TAMS 0x0000000714e00000| PB 0x0000000714e00000| Complete |  0
| 119|0x0000000715000000, 0x0000000715200000, 0x0000000715200000|100%| E|CS|TAMS 0x0000000715000000| PB 0x0000000715000000| Complete |  0
| 120|0x0000000715200000, 0x0000000715400000, 0x0000000715400000|100%| E|CS|TAMS 0x0000000715200000| PB 0x0000000715200000| Complete |  0
| 121|0x0000000715400000, 0x0000000715600000, 0x0000000715600000|100%| E|CS|TAMS 0x0000000715400000| PB 0x0000000715400000| Complete |  0
| 122|0x0000000715600000, 0x0000000715800000, 0x0000000715800000|100%| E|CS|TAMS 0x0000000715600000| PB 0x0000000715600000| Complete |  0
| 123|0x0000000715800000, 0x0000000715a00000, 0x0000000715a00000|100%| E|CS|TAMS 0x0000000715800000| PB 0x0000000715800000| Complete |  0
| 124|0x0000000715a00000, 0x0000000715c00000, 0x0000000715c00000|100%| E|CS|TAMS 0x0000000715a00000| PB 0x0000000715a00000| Complete |  0
|1998|0x00000007ffe00000, 0x00000007fff1d3c0, 0x0000000800000000| 55%| O|  |TAMS 0x00000007ffe00000| PB 0x00000007ffe00000| Untracked |  0

Card table byte_map: [0x00000225fc970000,0x00000225fd140000] _byte_map_base: 0x00000225f913f000

Marking Bits: (CMBitMap*) 0x00000225e4628700
 Bits: [0x0000022580000000, 0x0000022583e78000)

Polling page: 0x00000225e2480000

Metaspace:

Usage:
  Non-class:    714.30 KB used.
      Class:     33.48 KB used.
       Both:    747.78 KB used.

Virtual space:
  Non-class space:       64.00 MB reserved,     768.00 KB (  1%) committed,  1 nodes.
      Class space:        1.00 GB reserved,     128.00 KB ( <1%) committed,  1 nodes.
             Both:        1.06 GB reserved,     896.00 KB ( <1%) committed. 

Chunk freelists:
   Non-Class:  11.92 MB
       Class:  15.73 MB
        Both:  27.65 MB

MaxMetaspaceSize: unlimited
CompressedClassSpaceSize: 1.00 GB
Initial GC threshold: 21.00 MB
Current GC threshold: 21.00 MB
CDS: on
 - commit_granule_bytes: 65536.
 - commit_granule_words: 8192.
 - virtual_space_node_default_size: 8388608.
 - enlarge_chunks_in_place: 1.
UseCompressedClassPointers 1, UseCompactObjectHeaders 0
Narrow klass pointer bits 32, Max shift 3
Narrow klass base: 0x0000022584000000, Narrow klass shift: 0
Encoding Range: [0x0000022584000000 - 0x0000022684000000), (4294967296 bytes)
Klass Range:    [0x0000022584000000 - 0x00000225c5000000), (1090519040 bytes)
Klass ID Range:  [8 - 1090519033) (1090519025)


Internal statistics:

num_allocs_failed_limit: 0.
num_arena_births: 6.
num_arena_deaths: 0.
num_vsnodes_births: 2.
num_vsnodes_deaths: 0.
num_space_committed: 14.
num_space_uncommitted: 0.
num_chunks_returned_to_freelist: 0.
num_chunks_taken_from_freelist: 14.
num_chunk_merges: 0.
num_chunk_splits: 8.
num_chunks_enlarged: 7.
num_inconsistent_stats: 0.

CodeHeap 'non-profiled nmethods': size=120064Kb used=544Kb max_used=544Kb free=119519Kb
 bounds [0x00000225f4930000, 0x00000225f4ba0000, 0x00000225fbe70000]
CodeHeap 'profiled nmethods': size=120000Kb used=977Kb max_used=977Kb free=119022Kb
 bounds [0x00000225ece70000, 0x00000225ed0e0000, 0x00000225f43a0000]
CodeHeap 'non-nmethods': size=5696Kb used=1201Kb max_used=1256Kb free=4494Kb
 bounds [0x00000225f43a0000, 0x00000225f4610000, 0x00000225f4930000]
CodeCache: size=245760Kb, used=2722Kb, max_used=2777Kb, free=243035Kb
 total_blobs=1094, nmethods=728, adapters=272, full_count=0
Compilation: enabled, stopped_count=0, restarted_count=0

Compilation events (20 events):
Event: 944.846 Thread 0x00000225ffb8fab0  717       3       dqnMazeGame::learn (580 bytes)
Event: 944.849 Thread 0x00000225ffb8fab0 nmethod 717 0x00000225ecf61288 code [0x00000225ecf61760, 0x00000225ecf639f8]
Event: 1019.243 Thread 0x00000225ffb8cf20  718       4       java.util.LinkedList::poll (19 bytes)
Event: 1019.244 Thread 0x00000225ffb8cf20 nmethod 718 0x00000225f49b3c88 code [0x00000225f49b3da0, 0x00000225f49b41d0]
Event: 1019.244 Thread 0x00000225ffb8cf20  719       4       java.util.LinkedList::unlinkFirst (64 bytes)
Event: 1019.244 Thread 0x00000225ffb8cf20 nmethod 719 0x00000225f49b4208 code [0x00000225f49b4320, 0x00000225f49b4758]
Event: 1084.929 Thread 0x00000225ffb8cf20  722       4       java.util.regex.Pattern$Dollar::study (14 bytes)
Event: 1084.930 Thread 0x00000225ffb8cf20 nmethod 722 0x00000225f49b4d88 code [0x00000225f49b4ea0, 0x00000225f49b4fd0]
Event: 1084.931 Thread 0x00000225ffb8cf20  723       4       java.util.regex.Pattern$Dollar::match (209 bytes)
Event: 1084.934 Thread 0x00000225ffb8cf20 nmethod 723 0x00000225f49b5088 code [0x00000225f49b5200, 0x00000225f49b5760]
Event: 1084.934 Thread 0x00000225ffb8cf20  724   !   4       java.io.BufferedReader::close (61 bytes)
Event: 1084.938 Thread 0x00000225ffb8cf20 nmethod 724 0x00000225f49b5808 code [0x00000225f49b5980, 0x00000225f49b6448]
Event: 1229.935 Thread 0x00000225ffb8cf20  725       4       java.util.ArrayList::removeIf (11 bytes)
Event: 1229.941 Thread 0x00000225ffb8cf20 nmethod 725 0x00000225f49b6508 code [0x00000225f49b6680, 0x00000225f49b6e08]
Event: 1230.066 Thread 0x00000225ffb8fab0  726       3       gamepkg.MazeGame::move (199 bytes)
Event: 1230.067 Thread 0x00000225ffb8fab0 nmethod 726 0x00000225ecf63b08 code [0x00000225ecf63ce0, 0x00000225ecf64528]
Event: 1241.942 Thread 0x00000225ffb8cf20  727       4       gamepkg.Player::turn (91 bytes)
Event: 1241.944 Thread 0x00000225ffb8cf20 nmethod 727 0x00000225f49b6e88 code [0x00000225f49b6fc0, 0x00000225f49b7558]
Event: 1374.774 Thread 0x00000225ffb8cf20  728       4       gamepkg.Player::iterateEffects (91 bytes)
Event: 1374.785 Thread 0x00000225ffb8cf20 nmethod 728 0x00000225f49b7588 code [0x00000225f49b7760, 0x00000225f49b8020]

GC Heap History (10 events):
Event: 126.064 GC heap before
{Heap before GC invocations=0 (full 0):
 garbage-first heap   total reserved 4093952K, committed 258048K, used 50292K [0x0000000706200000, 0x0000000800000000)
  region size 2048K, 24 young (49152K), 0 survivors (0K)
 Metaspace       used 713K, committed 896K, reserved 1114112K
  class space    used 33K, committed 128K, reserved 1048576K
}
Event: 126.066 GC heap after
{Heap after GC invocations=1 (full 0):
 garbage-first heap   total reserved 4093952K, committed 258048K, used 1540K [0x0000000706200000, 0x0000000800000000)
  region size 2048K, 1 young (2048K), 1 survivors (2048K)
 Metaspace       used 713K, committed 896K, reserved 1114112K
  class space    used 33K, committed 128K, reserved 1048576K
}
Event: 373.053 GC heap before
{Heap before GC invocations=1 (full 0):
 garbage-first heap   total reserved 4093952K, committed 258048K, used 120324K [0x0000000706200000, 0x0000000800000000)
  region size 2048K, 59 young (120832K), 1 survivors (2048K)
 Metaspace       used 739K, committed 896K, reserved 1114112K
  class space    used 33K, committed 128K, reserved 1048576K
}
Event: 373.054 GC heap after
{Heap after GC invocations=2 (full 0):
 garbage-first heap   total reserved 4093952K, committed 258048K, used 1435K [0x0000000706200000, 0x0000000800000000)
  region size 2048K, 1 young (2048K), 1 survivors (2048K)
 Metaspace       used 739K, committed 896K, reserved 1114112K
  class space    used 33K, committed 128K, reserved 1048576K
}
Event: 667.034 GC heap before
{Heap before GC invocations=2 (full 0):
 garbage-first heap   total reserved 4093952K, committed 258048K, used 132507K [0x0000000706200000, 0x0000000800000000)
  region size 2048K, 65 young (133120K), 1 survivors (2048K)
 Metaspace       used 742K, committed 896K, reserved 1114112K
  class space    used 33K, committed 128K, reserved 1048576K
}
Event: 667.036 GC heap after
{Heap after GC invocations=3 (full 0):
 garbage-first heap   total reserved 4093952K, committed 258048K, used 1428K [0x0000000706200000, 0x0000000800000000)
  region size 2048K, 1 young (2048K), 1 survivors (2048K)
 Metaspace       used 742K, committed 896K, reserved 1114112K
  class space    used 33K, committed 128K, reserved 1048576K
}
Event: 950.087 GC heap before
{Heap before GC invocations=3 (full 0):
 garbage-first heap   total reserved 4093952K, committed 258048K, used 150932K [0x0000000706200000, 0x0000000800000000)
  region size 2048K, 74 young (151552K), 1 survivors (2048K)
 Metaspace       used 747K, committed 896K, reserved 1114112K
  class space    used 33K, committed 128K, reserved 1048576K
}
Event: 950.089 GC heap after
{Heap after GC invocations=4 (full 0):
 garbage-first heap   total reserved 4093952K, committed 258048K, used 1419K [0x0000000706200000, 0x0000000800000000)
  region size 2048K, 1 young (2048K), 1 survivors (2048K)
 Metaspace       used 747K, committed 896K, reserved 1114112K
  class space    used 33K, committed 128K, reserved 1048576K
}
Event: 1251.910 GC heap before
{Heap before GC invocations=4 (full 0):
 garbage-first heap   total reserved 4093952K, committed 258048K, used 152971K [0x0000000706200000, 0x0000000800000000)
  region size 2048K, 75 young (153600K), 1 survivors (2048K)
 Metaspace       used 747K, committed 896K, reserved 1114112K
  class space    used 33K, committed 128K, reserved 1048576K
}
Event: 1251.911 GC heap after
{Heap after GC invocations=5 (full 0):
 garbage-first heap   total reserved 4093952K, committed 258048K, used 1425K [0x0000000706200000, 0x0000000800000000)
  region size 2048K, 1 young (2048K), 1 survivors (2048K)
 Metaspace       used 747K, committed 896K, reserved 1114112K
  class space    used 33K, committed 128K, reserved 1048576K
}

Dll operation events (3 events):
Event: 0.010 Loaded shared library C:\Program Files\Java\jdk-24\bin\java.dll
Event: 0.039 Loaded shared library C:\Program Files\Java\jdk-24\bin\jsvml.dll
Event: 0.086 Loaded shared library C:\Users\Adam\Desktop\projects\new_portfolio\qlearning\DQN-maze\neuralNetwork\nn\NeuralNetworkLib.dll

Deoptimization events (20 events):
Event: 128.167 Thread 0x00000225e225fa10 DEOPT PACKING pc=0x00000225ecf511cd sp=0x000000896fcfedf0
Event: 128.167 Thread 0x00000225e225fa10 DEOPT UNPACKING pc=0x00000225f43f5722 sp=0x000000896fcfe2c0 mode 0
Event: 130.465 Thread 0x00000225e225fa10 DEOPT PACKING pc=0x00000225ecf511cd sp=0x000000896fcfedf0
Event: 130.465 Thread 0x00000225e225fa10 DEOPT UNPACKING pc=0x00000225f43f5722 sp=0x000000896fcfe2c0 mode 0
Event: 132.818 Thread 0x00000225e225fa10 DEOPT PACKING pc=0x00000225ecf511cd sp=0x000000896fcfedf0
Event: 132.818 Thread 0x00000225e225fa10 DEOPT UNPACKING pc=0x00000225f43f5722 sp=0x000000896fcfe2c0 mode 0
Event: 134.800 Thread 0x00000225e225fa10 DEOPT PACKING pc=0x00000225ecf511cd sp=0x000000896fcfedf0
Event: 134.800 Thread 0x00000225e225fa10 DEOPT UNPACKING pc=0x00000225f43f5722 sp=0x000000896fcfe2c0 mode 0
Event: 136.761 Thread 0x00000225e225fa10 DEOPT PACKING pc=0x00000225ecf511cd sp=0x000000896fcfedf0
Event: 136.761 Thread 0x00000225e225fa10 DEOPT UNPACKING pc=0x00000225f43f5722 sp=0x000000896fcfe2c0 mode 0
Event: 138.211 Thread 0x00000225e225fa10 DEOPT PACKING pc=0x00000225eceb6e98 sp=0x000000896fcfe800
Event: 138.211 Thread 0x00000225e225fa10 DEOPT UNPACKING pc=0x00000225f43f5722 sp=0x000000896fcfdc70 mode 0
Event: 529.054 Thread 0x00000225e225fa10 Uncommon trap: trap_request=0xffffffcc fr.pc=0x00000225f499e270 relative=0x0000000000001df0
Event: 529.054 Thread 0x00000225e225fa10 Uncommon trap: reason=intrinsic_or_type_checked_inlining action=make_not_entrant pc=0x00000225f499e270 method=java.util.ArrayList$SubList.toArray([Ljava/lang/Object;)[Ljava/lang/Object; @ 58 c2
Event: 529.054 Thread 0x00000225e225fa10 DEOPT PACKING pc=0x00000225f499e270 sp=0x000000896fcfec70
Event: 529.054 Thread 0x00000225e225fa10 DEOPT UNPACKING pc=0x00000225f44b6482 sp=0x000000896fcfebc0 mode 2
Event: 1211.573 Thread 0x00000225e225fa10 Uncommon trap: trap_request=0xffffff4d fr.pc=0x00000225f49af868 relative=0x0000000000000b48
Event: 1211.573 Thread 0x00000225e225fa10 Uncommon trap: reason=unstable_if action=reinterpret pc=0x00000225f49af868 method=gamepkg.MazeGame.canMoveTo(II)Z @ 9 c2
Event: 1211.573 Thread 0x00000225e225fa10 DEOPT PACKING pc=0x00000225f49af868 sp=0x000000896fcfed90
Event: 1211.573 Thread 0x00000225e225fa10 DEOPT UNPACKING pc=0x00000225f44b6482 sp=0x000000896fcfecd8 mode 2

Classes loaded (20 events):
Event: 0.065 Loading class java/util/LinkedList$Node
Event: 0.065 Loading class java/util/LinkedList$Node done
Event: 0.070 Loading class java/util/Formatter$FixedString
Event: 0.070 Loading class java/util/Formatter$FixedString done
Event: 0.152 Loading class java/io/BufferedReader
Event: 0.152 Loading class java/io/BufferedReader done
Event: 0.153 Loading class sun/nio/cs/StreamDecoder
Event: 0.153 Loading class sun/nio/cs/StreamDecoder done
Event: 0.153 Loading class sun/nio/cs/UTF_8$Decoder
Event: 0.153 Loading class sun/nio/cs/UTF_8$Decoder done
Event: 0.164 Loading class java/util/LinkedHashMap$LinkedKeySet
Event: 0.165 Loading class java/util/LinkedHashMap$LinkedKeySet done
Event: 0.165 Loading class java/util/LinkedHashMap$LinkedKeyIterator
Event: 0.165 Loading class java/util/LinkedHashMap$LinkedKeyIterator done
Event: 0.166 Loading class java/io/FileOutputStream$1
Event: 0.166 Loading class java/io/FileOutputStream$1 done
Event: 0.167 Loading class java/lang/Math$RandomNumberGeneratorHolder
Event: 0.167 Loading class java/lang/Math$RandomNumberGeneratorHolder done
Event: 157.963 Loading class java/lang/foreign/MemorySegment
Event: 157.964 Loading class java/lang/foreign/MemorySegment done

Classes unloaded (0 events):
No events

Classes redefined (0 events):
No events

Internal exceptions (1 events):
Event: 0.042 Thread 0x00000225e225fa10 Exception <a 'java/io/FileNotFoundException'{0x0000000715a183a8}> (0x0000000715a183a8) 
thrown [s\open\src\hotspot\share\prims\jni.cpp, line 518]

VM Operations (20 events):
Event: 1203.060 Executing VM operation: RendezvousGCThreads
Event: 1203.060 Executing VM operation: RendezvousGCThreads done
Event: 1251.910 Executing VM operation: G1CollectForAllocation (G1 Evacuation Pause)
Event: 1251.911 Executing VM operation: G1CollectForAllocation (G1 Evacuation Pause) done
Event: 1263.239 Executing VM operation: HandshakeAllThreads (HandshakeForDeflation)
Event: 1263.239 Executing VM operation: HandshakeAllThreads (HandshakeForDeflation) done
Event: 1263.239 Executing VM operation: RendezvousGCThreads
Event: 1263.239 Executing VM operation: RendezvousGCThreads done
Event: 1323.445 Executing VM operation: HandshakeAllThreads (HandshakeForDeflation)
Event: 1323.445 Executing VM operation: HandshakeAllThreads (HandshakeForDeflation) done
Event: 1323.445 Executing VM operation: RendezvousGCThreads
Event: 1323.445 Executing VM operation: RendezvousGCThreads done
Event: 1383.615 Executing VM operation: HandshakeAllThreads (HandshakeForDeflation)
Event: 1383.615 Executing VM operation: HandshakeAllThreads (HandshakeForDeflation) done
Event: 1383.615 Executing VM operation: RendezvousGCThreads
Event: 1383.615 Executing VM operation: RendezvousGCThreads done
Event: 1443.763 Executing VM operation: HandshakeAllThreads (HandshakeForDeflation)
Event: 1443.764 Executing VM operation: HandshakeAllThreads (HandshakeForDeflation) done
Event: 1443.764 Executing VM operation: RendezvousGCThreads
Event: 1443.764 Executing VM operation: RendezvousGCThreads done

Memory protections (0 events):
No events

Nmethod flushes (0 events):
No events

Events (11 events):
Event: 0.025 Thread 0x00000225e225fa10 Thread added: 0x00000225e225fa10
Event: 0.036 Thread 0x00000225e225fa10 Thread added: 0x00000225ffb83480
Event: 0.036 Thread 0x00000225e225fa10 Thread added: 0x00000225ffb83f80
Event: 0.037 Thread 0x00000225e225fa10 Thread added: 0x00000225ffb89be0
Event: 0.037 Thread 0x00000225e225fa10 Thread added: 0x00000225ffb8aa60
Event: 0.037 Thread 0x00000225e225fa10 Thread added: 0x00000225ffb8b590
Event: 0.037 Thread 0x00000225e225fa10 Thread added: 0x00000225ffb8c0c0
Event: 0.037 Thread 0x00000225e225fa10 Thread added: 0x00000225ffb8cf20
Event: 0.037 Thread 0x00000225e225fa10 Thread added: 0x00000225ffb8fab0
Event: 0.041 Thread 0x00000225e225fa10 Thread added: 0x00000225c9025470
Event: 0.044 Thread 0x00000225e225fa10 Thread added: 0x00000225c903fe90


Dynamic libraries:
0x00007ff7d9d10000 - 0x00007ff7d9d20000 	C:\Program Files\Java\jdk-24\bin\java.exe
0x00007ffc66010000 - 0x00007ffc66208000 	C:\WINDOWS\SYSTEM32\ntdll.dll
0x00007ffc65c10000 - 0x00007ffc65cd2000 	C:\WINDOWS\System32\KERNEL32.DLL
0x00007ffc636b0000 - 0x00007ffc639af000 	C:\WINDOWS\System32\KERNELBASE.dll
0x00007ffc63ca0000 - 0x00007ffc63da0000 	C:\WINDOWS\System32\ucrtbase.dll
0x00007ffc5d270000 - 0x00007ffc5d28b000 	C:\Program Files\Java\jdk-24\bin\VCRUNTIME140.dll
0x00007ffc5cb80000 - 0x00007ffc5cb96000 	C:\Program Files\Java\jdk-24\bin\jli.dll
0x00007ffc647a0000 - 0x00007ffc6493d000 	C:\WINDOWS\System32\USER32.dll
0x00007ffc63c70000 - 0x00007ffc63c92000 	C:\WINDOWS\System32\win32u.dll
0x00007ffc64b90000 - 0x00007ffc64bbb000 	C:\WINDOWS\System32\GDI32.dll
0x00007ffc4ab90000 - 0x00007ffc4ae2a000 	C:\WINDOWS\WinSxS\amd64_microsoft.windows.common-controls_6595b64144ccf1df_6.0.19041.4355_none_60b8b9eb71f62e16\COMCTL32.dll
0x00007ffc63a00000 - 0x00007ffc63b1a000 	C:\WINDOWS\System32\gdi32full.dll
0x00007ffc65ec0000 - 0x00007ffc65f5e000 	C:\WINDOWS\System32\msvcrt.dll
0x00007ffc63bd0000 - 0x00007ffc63c6d000 	C:\WINDOWS\System32\msvcp_win.dll
0x00007ffc64af0000 - 0x00007ffc64b1f000 	C:\WINDOWS\System32\IMM32.DLL
0x00007ffc54560000 - 0x00007ffc5456c000 	C:\Program Files\Java\jdk-24\bin\vcruntime140_1.dll
0x00007ffc25a90000 - 0x00007ffc25b1e000 	C:\Program Files\Java\jdk-24\bin\msvcp140.dll
0x00007ffbdadc0000 - 0x00007ffbdbb62000 	C:\Program Files\Java\jdk-24\bin\server\jvm.dll
0x00007ffc65b60000 - 0x00007ffc65c0f000 	C:\WINDOWS\System32\ADVAPI32.dll
0x00007ffc65ac0000 - 0x00007ffc65b5f000 	C:\WINDOWS\System32\sechost.dll
0x00007ffc64670000 - 0x00007ffc64793000 	C:\WINDOWS\System32\RPCRT4.dll
0x00007ffc63da0000 - 0x00007ffc63dc7000 	C:\WINDOWS\System32\bcrypt.dll
0x00007ffc64b20000 - 0x00007ffc64b8b000 	C:\WINDOWS\System32\WS2_32.dll
0x00007ffc4b5a0000 - 0x00007ffc4b5c7000 	C:\WINDOWS\SYSTEM32\WINMM.dll
0x00007ffc630c0000 - 0x00007ffc6310b000 	C:\WINDOWS\SYSTEM32\POWRPROF.dll
0x00007ffc5b7e0000 - 0x00007ffc5b7ea000 	C:\WINDOWS\SYSTEM32\VERSION.dll
0x00007ffc630a0000 - 0x00007ffc630b2000 	C:\WINDOWS\SYSTEM32\UMPDC.dll
0x00007ffc61e90000 - 0x00007ffc61ea2000 	C:\WINDOWS\SYSTEM32\kernel.appcore.dll
0x00007ffc4dab0000 - 0x00007ffc4daba000 	C:\Program Files\Java\jdk-24\bin\jimage.dll
0x00007ffc613d0000 - 0x00007ffc615b4000 	C:\WINDOWS\SYSTEM32\DBGHELP.DLL
0x00007ffc4a410000 - 0x00007ffc4a444000 	C:\WINDOWS\SYSTEM32\dbgcore.DLL
0x00007ffc63f30000 - 0x00007ffc63fb2000 	C:\WINDOWS\System32\bcryptPrimitives.dll
0x00007ffc4d8c0000 - 0x00007ffc4d8de000 	C:\Program Files\Java\jdk-24\bin\java.dll
0x00007ffc64950000 - 0x00007ffc64a7b000 	C:\WINDOWS\System32\ole32.dll
0x00007ffc64050000 - 0x00007ffc643a5000 	C:\WINDOWS\System32\combase.dll
0x00007ffc65040000 - 0x00007ffc657ad000 	C:\WINDOWS\System32\SHELL32.dll
0x00007ffc616d0000 - 0x00007ffc61e74000 	C:\WINDOWS\SYSTEM32\windows.storage.dll
0x00007ffc62f30000 - 0x00007ffc62f5b000 	C:\WINDOWS\SYSTEM32\Wldp.dll
0x00007ffc65df0000 - 0x00007ffc65ebd000 	C:\WINDOWS\System32\OLEAUT32.dll
0x00007ffc65ce0000 - 0x00007ffc65d8d000 	C:\WINDOWS\System32\SHCORE.dll
0x00007ffc643b0000 - 0x00007ffc64405000 	C:\WINDOWS\System32\shlwapi.dll
0x00007ffc635e0000 - 0x00007ffc63605000 	C:\WINDOWS\SYSTEM32\profapi.dll
0x00007ffc101a0000 - 0x00007ffc10277000 	C:\Program Files\Java\jdk-24\bin\jsvml.dll
0x00007ffc3ecd0000 - 0x00007ffc3ed20000 	C:\Users\Adam\Desktop\projects\new_portfolio\qlearning\DQN-maze\neuralNetwork\nn\NeuralNetworkLib.dll
0x00007ffc4d890000 - 0x00007ffc4d8bc000 	C:\msys64\ucrt64\bin\libgcc_s_seh-1.dll
0x00007ffc45b30000 - 0x00007ffc45b45000 	C:\msys64\ucrt64\bin\libwinpthread-1.dll
0x00007ffc0ff50000 - 0x00007ffc101a0000 	C:\msys64\ucrt64\bin\libstdc++-6.dll
0x00007ffc62ea0000 - 0x00007ffc62eac000 	C:\WINDOWS\SYSTEM32\CRYPTBASE.DLL

dbghelp: loaded successfully - version: 4.0.5 - missing functions: none
symbol engine: initialized successfully - sym options: 0x614 - pdb path: .;C:\Program Files\Java\jdk-24\bin;C:\WINDOWS\SYSTEM32;C:\WINDOWS\WinSxS\amd64_microsoft.windows.common-controls_6595b64144ccf1df_6.0.19041.4355_none_60b8b9eb71f62e16;C:\Program Files\Java\jdk-24\bin\server;C:\Users\Adam\Desktop\projects\new_portfolio\qlearning\DQN-maze\neuralNetwork\nn;C:\msys64\ucrt64\bin

VM Arguments:
jvm_args: --enable-preview -XX:+ShowCodeDetailsInExceptionMessages 
java_command: dqnMazeGame
java_class_path (initial): C:\Users\Adam\AppData\Roaming\Code\User\workspaceStorage\d41cad8fcfabb1e6ef4b8742aa118185\redhat.java\jdt_ws\DQN-maze_1f966b92\bin
Launcher Type: SUN_STANDARD

[Global flags]
     intx CICompilerCount                          = 4                                         {product} {ergonomic}
     uint ConcGCThreads                            = 2                                         {product} {ergonomic}
     uint G1ConcRefinementThreads                  = 8                                         {product} {ergonomic}
   size_t G1HeapRegionSize                         = 2097152                                   {product} {ergonomic}
   size_t InitialHeapSize                          = 262144000                                 {product} {ergonomic}
   size_t MarkStackSize                            = 4194304                                   {product} {ergonomic}
   size_t MarkStackSizeMax                         = 536870912                                 {product} {ergonomic}
   size_t MaxHeapSize                              = 4192206848                                {product} {ergonomic}
   size_t MaxNewSize                               = 2514485248                                {product} {ergonomic}
   size_t MinHeapDeltaBytes                        = 2097152                                   {product} {ergonomic}
   size_t MinHeapSize                              = 8388608                                   {product} {ergonomic}
    uintx NonNMethodCodeHeapSize                   = 5832704                                {pd product} {ergonomic}
    uintx NonProfiledCodeHeapSize                  = 122945536                              {pd product} {ergonomic}
    uintx ProfiledCodeHeapSize                     = 122880000                              {pd product} {ergonomic}
    uintx ReservedCodeCacheSize                    = 251658240                              {pd product} {ergonomic}
     bool SegmentedCodeCache                       = true                                      {product} {ergonomic}
     bool ShowCodeDetailsInExceptionMessages       = true                                   {manageable} {command line}
   size_t SoftMaxHeapSize                          = 4192206848                             {manageable} {ergonomic}
     bool UseCompressedOops                        = true                           {product lp64_product} {ergonomic}
     bool UseG1GC                                  = true                                      {product} {ergonomic}
     bool UseLargePagesIndividualAllocation        = false                                  {pd product} {ergonomic}

Logging:
Log output configuration:
 #0: stdout all=warning uptime,level,tags foldmultilines=false
 #1: stderr all=off uptime,level,tags foldmultilines=false

Environment Variables:
PATH=C:\Users\Adam\Downloads\winlibs-x86_64-posix-seh-gcc-14.2.0-llvm-19.1.7-mingw-w64ucrt-12.0.0-r3\mingw64\bin;C:\Program Files\Common Files\Oracle\Java\javapath;C:\WINDOWS\system32;C:\WINDOWS;C:\WINDOWS\System32\Wbem;C:\WINDOWS\System32\WindowsPowerShell\v1.0\;C:\WINDOWS\System32\OpenSSH\;C:\Program Files\dotnet\;C:\Program Files\GitHub CLI\;C:\Program Files\Git\cmd;C:\Program Files\Microsoft Network Monitor 3\;C:\Program Files\nodejs\;C:\Program Files\Docker\Docker\resources\bin;C:\Program Files\Microsoft SQL Server\150\Tools\Binn\;C:\Program Files\Microsoft SQL Server\Client SDK\ODBC\170\Tools\Binn\;C:\Program Files (x86)\Windows Kits\10\Windows Performance Toolkit\;C:\Program Files\MySQL\MySQL Shell 8.0\bin\;C:\Users\Adam\AppData\Local\Programs\Python\Python311\Scripts\;C:\Users\Adam\AppData\Local\Programs\Python\Python311\;C:\Users\Adam\AppData\Local\Microsoft\WindowsApps;C:\Users\Adam\AppData\Local\Programs\Microsoft VS Code\bin;C:\Users\Adam\AppData\Roaming\npm;C:\Users\Adam\Desktop\dev\ffmpeg-2025-03-17-git-5b9356f18e-full_build\bin;C:\Users\Adam\Desktop\dev\vcpkg;C:\Users\Adam\Downloads\winlibs-x86_64-posix-seh-gcc-14.2.0-llvm-19.1.7-mingw-w64ucrt-12.0.0-r3\mingw64\bin;C:\Users\Adam\AppData\Local\Programs\Microsoft VS Code;C:\Users\Adam\.dotnet\tools;C:\msys64\ucrt64\bin\;C:\cygwin64\bin;
USERNAME=Adam
LANG=en_US.UTF-8
OS=Windows_NT
PROCESSOR_IDENTIFIER=Intel64 Family 6 Model 142 Stepping 12, GenuineIntel
TMP=C:\Users\Adam\AppData\Local\Temp
TEMP=C:\Users\Adam\AppData\Local\Temp




Periodic native trim disabled

---------------  S Y S T E M  ---------------

OS:
 Windows 10 , 64 bit Build 19041 (10.0.19041.5438)
OS uptime: 2 days 5:02 hours
Hyper-V role detected

CPU: total 8 (initial active 8) (4 cores per cpu, 2 threads per core) family 6 model 142 stepping 12 microcode 0xf4, cx8, cmov, fxsr, ht, mmx, 3dnowpref, sse, sse2, sse3, ssse3, sse4.1, sse4.2, popcnt, lzcnt, tsc, tscinvbit, avx, avx2, aes, erms, clmul, bmi1, bmi2, adx, fma, vzeroupper, clflush, clflushopt, hv, rdtscp, f16c
Processor Information for the first 8 processors :
  Max Mhz: 2208, Current Mhz: 1706, Mhz Limit: 1700

Memory: 4k page, system-wide physical 15984M (6620M free)
TotalPageFile size 18416M (AvailPageFile size 6142M)
current process WorkingSet (physical memory assigned to process): 195M, peak: 197M
current process commit charge ("private bytes"): 346M, peak: 368M

vm_info: Java HotSpot(TM) 64-Bit Server VM (24+36-3646) for windows-amd64 JRE (24+36-3646), built on 2025-02-06T00:20:43Z with MS VC++ 17.6 (VS2022)

END.
